Switch to inspect mode.
require 'net/http'
true

remote_host = 'ror.raco1.websitesonwheels.net'
"ror.raco1.websitesonwheels.net"
remote_port = 80
80
remote_uri = 'http://ror.raco1.websitesonwheels.net/gl200/msg'
"http://ror.raco1.websitesonwheels.net/gl200/msg"

listen_port = 41200
41200
max_threads = 10000
10000

threads = []
[]

puts "starting server"
starting server
nil
server = TCPServer.new(nil, listen_port)
#<TCPServer:fd 6>

while true
	# Start a new thread for every client connection.
	puts "waiting for connections"

	threads << Thread.new(server.accept) do |client_socket|

		begin
			puts "#{Thread.current}: got a client connection"
			
			# begin
			# 	server_socket = TCPSocket.new(remote_host, remote_port)
			# rescue Errno::ECONNREFUSED
			# 	client_socket.close
			# 	raise
			# end

			# puts "#{Thread.current}: connected to server at #{remote_host}:#{remote_port}"
			
			while true
				# Wait for data to be available on either socket.
				(ready_sockets, dummy, dummy) = IO.select([client_socket])
				
				begin
					ready_sockets.each do |socket|
						data = socket.readpartial(4096)
							
						# Read from client, write to server.
						puts "#{Thread.current}: client->server #{data.inspect}"
						req = Net::HTTP::Post.new(remote_uri)
						req.body = data

						res = Net::HTTP.start(remote_host, remote_port) {|http|
							http.request(req)
						}

						puts "Response: #{res}"

					end
				rescue EOFError
					break
				end
			end
		rescue StandardError => e
			puts "Thread #{Thread.current} got exception #{e.inspect}"
		end

		puts "#{Thread.current}: closing the connections"
		client_socket.close rescue StandardError
		server_socket.close rescue StandardError
	end

	# Clean up the dead threads, and wait until we have available threads.
	puts "#{threads.size} threads running"
	threads = threads.select { |t| t.alive? ? true : (t.join; false) }
	while threads.size >= max_threads
		sleep 1
		threads = threads.select { |t| t.alive? ? true : (t.join; false) }
	end
end
waiting for connections
1 threads running
waiting for connections
#<Thread:0x00000001a90f78>: got a client connection
#<Thread:0x00000001a90f78>: client->server "\x04"
Response: #<Net::HTTPOK:0x00000001a8ee58>
#<Thread:0x00000001a90f78>: client->server "\x04\x04\x04\x04\x04\x04\x04\x04\x04\x04\x04\x04\x04\x04\x04\x04\x04\x04\x04\x04\x04\x04\x04\x04\x04\x04\x04\x04\x04\x04\x04\x04\x04\x04\x04\x04\x04\x04\x04\x04\x04\x04\x04\x04\x04\x04\x04\x04\x04\x04\x04\x04\x04\x04\x04\x04\x04\x04\x04\x04\x04\x04\x04\x04\x04\x04\x04\x04\x04\x04\x04\x04\x04\x04\x04\x04\x04\x04\x04\x04\x04\x04\x04\x04\x04\x04\x04\x04\x04\x04\x04\x04\x04\x04\x04\x04\x04\x04\x04\x04\x04\x04\x04\x04\x04\x04\x04\x04\x04\x04\x04\x04\x04\x04\x04\x04\x04\x04\x04\x04\x04\x04\x04\x04\x04\x04\x04\x04\x04\x04\x04\x04\x04\x04\x04\x04\x04\x04\x04\x04\x04\x04\x04\x04\x04\x04\x04\x04\x04\x04\x04\x04\x04\x04\x04\x04\x04\x04\x04\x04\x04\x04\x04\x04\x04\x04\x04\x04\x04\x04\x04\x04\x04\x04\x04\x04\x04\x04\x04\x04\x04\x04\x04\x04\x04\x04\x04\x04\x04\x04\x04\x04\x04\x04\x04\x04\x04\x04\x04\x04\x04\x04\x04\x04\x04\x04\x04\x04\x04\x04\x04\x04\x04\x04\x04\x04\x04\x04\x04\x04\x04\x04\x04\x04\x04\x04\x04\x04\x04\x04\x04\x04\x04\x04\x04\x04\x04\x04\x04\x04\x04\x04\x04\x04\x04\x04\x04\x04\x04\x04\x04\x04\x04\x04\x04\x04\x04\x04\x04\x04\x04\x04\x04\x04\x04\x04\x04\x04\x04\x04\x04\x04\x04\x04\x04\x04\x04\x04\x04\x04\x04\x04\x04\x04\x04\x04\x04\x04\x04\x04\x04\x04\x04\x04\x04\x04\x04\x04\x04\x04\x04\x04\x04\x04\x04\x04\x04\x04\x04\x04\x04\x04\x04\x04\x04\x04\x04\x04\x04\x04\x04\x04\x04\x04\x04\x04\x04\x04\x04\x04\x04\x04\x04\x04\x04\x04\x04\x04\x04\x04\x04\x04\x04\x04\x04\x04\x04\x04\x04\x04\x04\x04\x04\x04\x04\x04\x04\x04\x04\x04\x04\x04\x04\x04\x04\x04\x04\x04\x04\x04\x04\x04\x04\x04\x04\x04\x04\x04\x04\x04\x04\x04\x04\x04\x04\x04\x04\x04\x04\x04\x04\x04\x04\x04\x04\x04\x04\x04\x04\x04\x04\x04\x04\x04\x04\x04\x04\x04\x04\x04\x04\x04\x04\x04\x04\x04\x04\x04\x04\x04\x04\x04\x04\x04\x04\x04\x04\x04\x04\x04\x04\x04\x04\x04\x04\x04\x04\x04\x04\x04\x04\x04\x04\x04\x04\x04\x04\x04\x04\x04\x04\x04\x04\x04\x04\x04\x04\x04\x04\x04\x04\x04\x04\x04\x04\x04\x04\x04\x04\x04\x04\x04\x04\x04\x04\x04\x04\x04\x04\x04\x04\x04\x04\x04\x04\x04\x04\x04\x04\x04\x04\x04\x04\x04\x04\x04\x04\x04\x04\x04\x04\x04\x04\x04\x04\x04\x04\x04\x04\x04\x04\x04\x04\x04\x04\x04\x04\x04\x04\x04\x04\x04\x04\x04\x04\x04\x04\x04\x04\x04\x04\x04\x04\x04\x04\x04\x04\x04\x04\x04\x04\x04\x04\x04\x04\x04\x04\x04\x04\x04\x04\x04\x04\x04\x04\x04\x04\x04\x04\x04\x04\x04\x04\x04\x04\x04\x04\x04\x04\x04\x04\x04\x04\x04\x04\x04\x04\x04\x04\x04\x04\x04\x04\x04\x04\x04\x04\x04\x04\x04\x04\x04\x04\x04\x04\x04\x04\x04\x04\x04\x04\x04\x04\x04\x04\x04\x04\x04\x04\x04\x04\x04\x04\x04\x04\x04\x04\x04\x04\x04\x04\x04\x04\x04\x04\x04\x04\x04\x04\x04\x04\x04\x04\x04\x04\x04\x04\x04\x04\x04\x04\x04\x04\x04\x04\x04\x04\x04\x04\x04\x04\x04\x04\x04\x04\x04\x04\x04\x04\x04\x04\x04\x04\x04\x04\x04\x04\x04\x04\x04\x04\x04\x04\x04\x04\x04\x04\x04\x04\x04\x04\x04\x04\x04\x04\x04\x04\x04\x04\x04\x04\x04\x04\x04\x04\x04\x04\x04\x04\x04\x04\x04\x04\x04\x04\x04\x04\x04\x04\x04\x04\x04\x04\x04\x04\x04\x04\x04"
Response: #<Net::HTTPOK:0x007f138c0150d0>
#<Thread:0x00000001a90f78>: closing the connections
2 threads running
waiting for connections
#<Thread:0x007f138c020c50>: got a client connection
#<Thread:0x007f138c020c50>: client->server "+RESP:GTSTT,02010D,867844001740540,,41,0,0.0,0,147.1,-97.147307,32.742779,20150630005844,0310,0410,CB87,0C79,,20150630034931,0D7E$"
Response: #<Net::HTTPOK:0x007f138c01eb80>
#<Thread:0x007f138c020c50>: closing the connections
2 threads running
waiting for connections
#<Thread:0x007f138c02aea8>: got a client connection
#<Thread:0x007f138c02aea8>: client->server "+RESP:GTSTT,02010D,867844001740540,,42,0,0.0,0,147.1,-97.147307,32.742779,20150630005844,0310,0410,CB87,A2C9,,20150630035058,0D7F$"
Response: #<Net::HTTPOK:0x007f138c0334b8>
#<Thread:0x007f138c02aea8>: closing the connections
2 threads running
waiting for connections
#<Thread:0x007f138c03ebd8>: got a client connection
#<Thread:0x007f138c03ebd8>: client->server "+RESP:GTSTT,02010D,867844001740540,,41,0,0.0,0,147.1,-97.147307,32.742779,20150630005844,0310,0410,CB87,0C79,,20150630035205,0D80$"
Response: #<Net::HTTPOK:0x007f138c03cb08>
#<Thread:0x007f138c03ebd8>: closing the connections
2 threads running
waiting for connections
#<Thread:0x007f138c049088>: got a client connection
#<Thread:0x007f138c049088>: client->server "+RESP:GTINF,02010D,867844001740540,,41,89014102277216040119,15,0,0,0.0,,3.54,0,1,1,0,0,20150630005844,4,1,,,,20150630035241,0D81$"
Response: #<Net::HTTPOK:0x007f138c046fb8>
#<Thread:0x007f138c049088>: closing the connections
2 threads running
waiting for connections
#<Thread:0x007f138c0529f8>: got a client connection
#<Thread:0x007f138c0529f8>: client->server "+RESP:GTINF,02010D,867844001740540,,41,89014102277216040119,16,0,0,0.0,,3.53,0,1,1,0,0,20150630005844,3,1,,,,20150630035740,0D82$"
Response: #<Net::HTTPOK:0x007f138c05b0d0>
#<Thread:0x007f138c0529f8>: closing the connections
2 threads running
waiting for connections
#<Thread:0x007f138c0671a0>: got a client connection
#<Thread:0x007f138c0671a0>: client->server "+RESP:GTINF,02010D,867844001740540,,41,89014102277216040119,16,0,0,0.0,,3.53,0,1,1,0,0,20150630005844,3,1,,,,20150630040239,0D83$"
Response: #<Net::HTTPOK:0x007f138c0650d0>
#<Thread:0x007f138c0671a0>: closing the connections
2 threads running
waiting for connections
#<Thread:0x007f138c070f48>: got a client connection
#<Thread:0x007f138c070f48>: client->server "+RESP:GTINF,02010D,867844001740540,,41,89014102277216040119,15,0,0,0.0,,3.53,0,1,1,0,0,20150630005844,3,1,,,,20150630040739,0D84$"
Response: #<Net::HTTPOK:0x007f138c0793f0>
#<Thread:0x007f138c070f48>: closing the connections
2 threads running
waiting for connections
#<Thread:0x007f138c085088>: got a client connection
#<Thread:0x007f138c085088>: client->server "+RESP:GTSTT,02010D,867844001740540,,42,0,0.0,0,147.1,-97.147307,32.742779,20150630005844,0310,0410,CB87,0C79,,20150630041025,0D85$"
Response: #<Net::HTTPOK:0x007f138c082fb8>
#<Thread:0x007f138c085088>: closing the connections
2 threads running
waiting for connections
#<Thread:0x007f138c08f218>: got a client connection
#<Thread:0x007f138c08f218>: client->server "+RESP:GTSTT,02010D,867844001740540,,41,0,0.0,0,147.1,-97.147307,32.742779,20150630005844,0310,0410,CB87,0C79,,20150630041107,0D86$"
Response: #<Net::HTTPOK:0x007f138c097710>
#<Thread:0x007f138c08f218>: closing the connections
2 threads running
waiting for connections
#<Thread:0x007f138c0a2ea8>: got a client connection
#<Thread:0x007f138c0a2ea8>: client->server "+RESP:GTINF,02010D,867844001740540,,41,89014102277216040119,16,0,0,0.0,,3.53,0,1,1,0,0,20150630005844,3,1,,,,20150630041238,0D87$"
Response: #<Net::HTTPOK:0x007f138c0a0dd8>
#<Thread:0x007f138c0a2ea8>: closing the connections
2 threads running
waiting for connections
#<Thread:0x007f138c0ad308>: got a client connection
#<Thread:0x007f138c0ad308>: client->server "+RESP:GTSTT,02010D,867844001740540,,42,0,0.0,0,147.1,-97.147307,32.742779,20150630005844,0310,0410,CB87,0C79,,20150630041437,0D88$"
Response: #<Net::HTTPOK:0x007f138c0ba260>
#<Thread:0x007f138c0ad308>: closing the connections
2 threads running
waiting for connections
#<Thread:0x007f138c0b67a0>: got a client connection
#<Thread:0x007f138c0b67a0>: client->server "+RESP:GTSTT,02010D,867844001740540,,41,0,0.0,0,147.1,-97.147307,32.742779,20150630005844,0310,0410,CB87,0C79,,20150630041437,0D89$"
Response: #<Net::HTTPOK:0x007f138c0bf1c0>
#<Thread:0x007f138c0b67a0>: closing the connections
2 threads running
waiting for connections
#<Thread:0x007f138c0cb448>: got a client connection
#<Thread:0x007f138c0cb448>: client->server "+RESP:GTINF,02010D,867844001740540,,41,89014102277216040119,17,0,0,0.0,,3.53,0,1,1,0,0,20150630005844,3,1,,,,20150630041737,0D8A$"
Response: #<Net::HTTPOK:0x007f138c0c9378>
#<Thread:0x007f138c0cb448>: closing the connections
2 threads running
waiting for connections
#<Thread:0x007f138c0d50d8>: got a client connection
#<Thread:0x007f138c0d50d8>: client->server "+RESP:GTSTT,02010D,867844001740540,,42,0,0.0,0,147.1,-97.147307,32.742779,20150630005844,0310,0410,CB87,0C79,,20150630042147,0D8B$"
Response: #<Net::HTTPOK:0x007f138c0dd738>
#<Thread:0x007f138c0d50d8>: closing the connections
2 threads running
waiting for connections
#<Thread:0x007f138c0e92e0>: got a client connection
#<Thread:0x007f138c0e92e0>: client->server "+RESP:GTINF,02010D,867844001740540,,42,89014102277216040119,13,0,0,0.0,,3.53,0,1,1,0,0,20150630005844,2,1,,,,20150630042236,0D8C$"
Response: #<Net::HTTPOK:0x007f138c0e7210>
#<Thread:0x007f138c0e92e0>: closing the connections
2 threads running
waiting for connections
#<Thread:0x007f138c0e6f40>: got a client connection
#<Thread:0x007f138c0e6f40>: client->server "+RESP:GTSTT,02010D,867844001740540,,41,0,0.0,0,147.1,-97.147307,32.742779,20150630005844,0310,0410,CB87,0C79,,20150630042303,0D8D$"
Response: #<Net::HTTPOK:0x007f138c0dd490>
#<Thread:0x007f138c0e6f40>: closing the connections
2 threads running
waiting for connections
#<Thread:0x007f138c0d7248>: got a client connection
#<Thread:0x007f138c0d7248>: client->server "+RESP:GTSTT,02010D,867844001740540,,42,0,0.0,0,147.1,-97.147307,32.742779,20150630005844,0310,0410,CB87,0C77,,20150630042416,0D8E$"
Response: #<Net::HTTPOK:0x007f138c0d5178>
#<Thread:0x007f138c0d7248>: closing the connections
2 threads running
waiting for connections
#<Thread:0x007f138c0c9b98>: got a client connection
#<Thread:0x007f138c0c9b98>: client->server "+RESP:GTSTT,02010D,867844001740540,,41,0,0.0,0,147.1,-97.147307,32.742779,20150630005844,0310,0410,CB87,0C77,,20150630042506,0D8F$"
Response: #<Net::HTTPOK:0x007f138c0bfc60>
#<Thread:0x007f138c0c9b98>: closing the connections
2 threads running
waiting for connections
#<Thread:0x007f138c0b9658>: got a client connection
#<Thread:0x007f138c0b9658>: client->server "+RESP:GTINF,02010D,867844001740540,,41,89014102277216040119,14,0,0,0.0,,3.53,0,1,1,0,0,20150630005844,3,1,,,,20150630042735,0D90$"
Response: #<Net::HTTPOK:0x007f138c0b7588>
#<Thread:0x007f138c0b9658>: closing the connections
2 threads running
waiting for connections
#<Thread:0x007f138c0ac868>: got a client connection
#<Thread:0x007f138c0ac868>: client->server "+RESP:GTSTT,02010D,867844001740540,,42,0,0.0,0,147.1,-97.147307,32.742779,20150630005844,0310,0410,CB87,0C77,,20150630043103,0D91$"
Response: #<Net::HTTPOK:0x007f138c0a2660>
#<Thread:0x007f138c0ac868>: closing the connections
2 threads running
waiting for connections
#<Thread:0x007f138c097878>: got a client connection
#<Thread:0x007f138c097878>: client->server "+RESP:GTSTT,02010D,867844001740540,,41,0,0.0,0,147.1,-97.147307,32.742779,20150630005844,0310,0410,CB87,0C77,,20150630043145,0D92$"
Response: #<Net::HTTPOK:0x007f138c0957a8>
#<Thread:0x007f138c097878>: closing the connections
2 threads running
waiting for connections
#<Thread:0x007f138c08f6f0>: got a client connection
#<Thread:0x007f138c08f6f0>: client->server "+RESP:GTINF,02010D,867844001740540,,41,89014102277216040119,14,0,0,0.0,,3.53,0,1,1,0,0,20150630005844,3,1,,,,20150630043234,0D93$"
Response: #<Net::HTTPOK:0x007f138c085768>
#<Thread:0x007f138c08f6f0>: closing the connections
2 threads running
waiting for connections
#<Thread:0x007f138c07a390>: got a client connection
#<Thread:0x007f138c07a390>: client->server "+RESP:GTINF,02010D,867844001740540,,41,89014102277216040119,14,0,0,0.0,,3.53,0,1,1,0,0,20150630005844,3,1,,,,20150630043733,0D94$"
Response: #<Net::HTTPOK:0x007f138c0782c0>
#<Thread:0x007f138c07a390>: closing the connections
2 threads running
waiting for connections
#<Thread:0x007f138c072230>: got a client connection
#<Thread:0x007f138c072230>: client->server "+RESP:GTSTT,02010D,867844001740540,,42,0,0.0,0,147.1,-97.147307,32.742779,20150630005844,0310,0410,CB87,0C77,,20150630044015,0D95$"
Response: #<Net::HTTPOK:0x007f138c068690>
#<Thread:0x007f138c072230>: closing the connections
2 threads running
waiting for connections
#<Thread:0x007f138c064a68>: got a client connection
#<Thread:0x007f138c064a68>: client->server "+RESP:GTSTT,02010D,867844001740540,,41,0,0.0,0,147.1,-97.147307,32.742779,20150630005844,0310,0410,CB87,0C77,,20150630044104,0D96$"
Response: #<Net::HTTPOK:0x007f138c05ace8>
#<Thread:0x007f138c064a68>: closing the connections
2 threads running
waiting for connections
#<Thread:0x007f138c054a50>: got a client connection
#<Thread:0x007f138c054a50>: client->server "+RESP:GTINF,02010D,867844001740540,,41,89014102277216040119,18,0,0,0.0,,3.53,0,1,1,0,0,20150630005844,3,1,,,,20150630044233,0D97$"
Response: #<Net::HTTPOK:0x007f138c052908>
#<Thread:0x007f138c054a50>: closing the connections
2 threads running
waiting for connections
#<Thread:0x007f138c0477b0>: got a client connection
#<Thread:0x007f138c0477b0>: client->server "+RESP:GTINF,02010D,867844001740540,,41,89014102277216040119,17,0,0,0.0,,3.53,0,1,1,0,0,20150630005844,3,1,,,,20150630044732,0D98$"
Response: #<Net::HTTPOK:0x007f138c03d508>
#<Thread:0x007f138c0477b0>: closing the connections
2 threads running
waiting for connections
#<Thread:0x007f138c032838>: got a client connection
#<Thread:0x007f138c032838>: client->server "+RESP:GTINF,02010D,867844001740540,,41,89014102277216040119,17,0,0,0.0,,3.53,0,1,1,0,0,20150630005844,3,1,,,,20150630045231,0D99$"
Response: #<Net::HTTPOK:0x007f138c030768>
#<Thread:0x007f138c032838>: closing the connections
2 threads running
waiting for connections
#<Thread:0x007f138c02a430>: got a client connection
#<Thread:0x007f138c02a430>: client->server "+RESP:GTSTT,02010D,867844001740540,,42,0,0.0,0,147.1,-97.147307,32.742779,20150630005844,0310,0410,CB87,0C77,,20150630045447,0D9A$"
Response: #<Net::HTTPOK:0x007f138c020458>
#<Thread:0x007f138c02a430>: closing the connections
2 threads running
waiting for connections
#<Thread:0x007f138c0152b0>: got a client connection
#<Thread:0x007f138c0152b0>: client->server "+RESP:GTSTT,02010D,867844001740540,,41,0,0.0,0,147.1,-97.147307,32.742779,20150630005844,0310,0410,CB87,0C77,,20150630045527,0D9B$"
Response: #<Net::HTTPOK:0x007f138c0131e0>
#<Thread:0x007f138c0152b0>: closing the connections
2 threads running
waiting for connections
#<Thread:0x007f138c00b2d8>: got a client connection
#<Thread:0x007f138c00b2d8>: client->server "+RESP:GTINF,02010D,867844001740540,,41,89014102277216040119,17,0,0,0.0,,3.53,0,1,1,0,0,20150630005844,2,1,,,,20150630045730,0D9C$"
Response: #<Net::HTTPOK:0x00000001a90d98>
#<Thread:0x007f138c00b2d8>: closing the connections
2 threads running
waiting for connections
#<Thread:0x00000001a8b348>: got a client connection
#<Thread:0x00000001a8b348>: client->server "+RESP:GTSTT,02010D,867844001740540,,42,0,0.0,0,147.1,-97.147307,32.742779,20150630005844,0310,0410,CB87,0C77,,20150630045748,0D9D$"
Response: #<Net::HTTPOK:0x00000001a856a0>
#<Thread:0x00000001a8b348>: closing the connections
2 threads running
waiting for connections
#<Thread:0x00000001a80010>: got a client connection
#<Thread:0x00000001a80010>: client->server "+RESP:GTSTT,02010D,867844001740540,,41,0,0.0,0,147.1,-97.147307,32.742779,20150630005844,0310,0410,CB87,0C77,,20150630045910,0D9E$"
Response: #<Net::HTTPOK:0x00000001a7df40>
#<Thread:0x00000001a80010>: closing the connections
2 threads running
waiting for connections
#<Thread:0x00000001a78450>: got a client connection
#<Thread:0x00000001a78450>: client->server "+RESP:GTSTT,02010D,867844001740540,,42,0,0.0,0,147.1,-97.147307,32.742779,20150630005844,0310,0410,CB87,0C77,,20150630050009,0D9F$"
Response: #<Net::HTTPOK:0x00000001a739a0>
#<Thread:0x00000001a78450>: closing the connections
2 threads running
waiting for connections
#<Thread:0x00000001a6df00>: got a client connection
#<Thread:0x00000001a6df00>: client->server "+RESP:GTSTT,02010D,867844001740540,,41,0,0.0,0,147.1,-97.147307,32.742779,20150630005844,0310,0410,CB87,A2C9,,20150630050115,0DA0$"
Response: #<Net::HTTPOK:0x00000001a6be30>
#<Thread:0x00000001a6df00>: closing the connections
2 threads running
waiting for connections
#<Thread:0x00000001a66688>: got a client connection
#<Thread:0x00000001a66688>: client->server "+RESP:GTINF,02010D,867844001740540,,41,89014102277216040119,10,0,0,0.0,,3.53,0,1,1,0,0,20150630005844,3,1,,,,20150630050229,0DA1$"
Response: #<Net::HTTPOK:0x00000001a62f38>
#<Thread:0x00000001a66688>: closing the connections
2 threads running
waiting for connections
#<Thread:0x00000001a5f478>: got a client connection
#<Thread:0x00000001a5f478>: client->server "+RESP:GTINF,02010D,867844001740540,,41,89014102277216040119,12,0,0,0.0,,3.53,0,1,1,0,0,20150630005844,3,1,,,,20150630050729,0DA2$"
Response: #<Net::HTTPOK:0x00000001a5b468>
#<Thread:0x00000001a5f478>: closing the connections
2 threads running
waiting for connections
#<Thread:0x00000001a55bf8>: got a client connection
#<Thread:0x00000001a55bf8>: client->server "+RESP:GTSTT,02010D,867844001740540,,42,0,0.0,0,147.1,-97.147307,32.742779,20150630005844,0310,0410,CB87,0C77,,20150630050830,0DA3$"
Response: #<Net::HTTPOK:0x00000001a53b28>
#<Thread:0x00000001a55bf8>: closing the connections
2 threads running
waiting for connections
#<Thread:0x00000001a4e330>: got a client connection
#<Thread:0x00000001a4e330>: client->server "+RESP:GTSTT,02010D,867844001740540,,41,0,0.0,0,147.1,-97.147307,32.742779,20150630005844,0310,0410,CB87,0C79,,20150630050941,0DA4$"
Response: #<Net::HTTPOK:0x00000001a4a488>
#<Thread:0x00000001a4e330>: closing the connections
2 threads running
waiting for connections
#<Thread:0x00000001a449c0>: got a client connection
#<Thread:0x00000001a449c0>: client->server "+RESP:GTINF,02010D,867844001740540,,41,89014102277216040119,14,0,0,0.0,,3.52,0,1,1,0,0,20150630005844,2,1,,,,20150630051228,0DA5$"
Response: #<Net::HTTPOK:0x00000001a428f0>
#<Thread:0x00000001a449c0>: closing the connections
2 threads running
waiting for connections
#<Thread:0x00000001a3cdb0>: got a client connection
#<Thread:0x00000001a3cdb0>: client->server "+RESP:GTINF,02010D,867844001740540,,41,89014102277216040119,13,0,0,0.0,,3.52,0,1,1,0,0,20150630005844,2,1,,,,20150630051727,0DA6$"
Response: #<Net::HTTPOK:0x00000001a38bc0>
#<Thread:0x00000001a3cdb0>: closing the connections
2 threads running
waiting for connections
#<Thread:0x00000001a330a8>: got a client connection
#<Thread:0x00000001a330a8>: client->server "+RESP:GTSTT,02010D,867844001740540,,42,0,0.0,0,147.1,-97.147307,32.742779,20150630005844,0310,0410,CB87,0C79,,20150630051850,0DA7$"
Response: #<Net::HTTPOK:0x00000001a30fd8>
#<Thread:0x00000001a330a8>: closing the connections
2 threads running
waiting for connections
#<Thread:0x00000001a2b358>: got a client connection
#<Thread:0x00000001a2b358>: client->server "+RESP:GTSTT,02010D,867844001740540,,41,0,0.0,0,147.1,-97.147307,32.742779,20150630005844,0310,0410,CB87,0C77,,20150630052014,0DA8$"
Response: #<Net::HTTPOK:0x00000001a273e8>
#<Thread:0x00000001a2b358>: closing the connections
2 threads running
waiting for connections
#<Thread:0x00000001a212e0>: got a client connection
#<Thread:0x00000001a212e0>: client->server "+RESP:GTINF,02010D,867844001740540,,41,89014102277216040119,21,0,0,0.0,,3.52,0,1,1,0,0,20150630005844,2,1,,,,20150630052226,0DA9$"
Response: #<Net::HTTPOK:0x00000001a1f210>
#<Thread:0x00000001a212e0>: closing the connections
2 threads running
waiting for connections
#<Thread:0x00000001a196f8>: got a client connection
#<Thread:0x00000001a196f8>: client->server "+RESP:GTSTT,02010D,867844001740540,,42,0,0.0,0,147.1,-97.147307,32.742779,20150630005844,0310,0410,CB87,0C77,,20150630052348,0DAA$"
Response: #<Net::HTTPOK:0x00000001a17628>
#<Thread:0x00000001a196f8>: closing the connections
2 threads running
waiting for connections
#<Thread:0x00000001a120b0>: got a client connection
#<Thread:0x00000001a120b0>: client->server "+RESP:GTSTT,02010D,867844001740540,,41,0,0.0,0,147.1,-97.147307,32.742779,20150630005844,0310,0410,CB87,0C77,,20150630052428,0DAB$"
Response: #<Net::HTTPOK:0x00000001a0e050>
#<Thread:0x00000001a120b0>: closing the connections
2 threads running
waiting for connections
#<Thread:0x00000001a08678>: got a client connection
#<Thread:0x00000001a08678>: client->server "+RESP:GTINF,02010D,867844001740540,,41,89014102277216040119,21,0,0,0.0,,3.52,0,1,1,0,0,20150630005844,2,1,,,,20150630052725,0DAC$"
Response: #<Net::HTTPOK:0x00000001a065a8>
#<Thread:0x00000001a08678>: closing the connections
2 threads running
waiting for connections
#<Thread:0x00000001a003d8>: got a client connection
#<Thread:0x00000001a003d8>: client->server "+RESP:GTSTT,02010D,867844001740540,,42,0,0.0,0,147.1,-97.147307,32.742779,20150630005844,0310,0410,CB87,0C77,,20150630052817,0DAD$"
Response: #<Net::HTTPOK:0x000000019fcb20>
#<Thread:0x00000001a003d8>: closing the connections
2 threads running
waiting for connections
#<Thread:0x000000019f61a8>: got a client connection
#<Thread:0x000000019f61a8>: client->server "+RESP:GTSTT,02010D,867844001740540,,41,0,0.0,0,147.1,-97.147307,32.742779,20150630005844,0310,0410,CB87,0C79,,20150630052942,0DAE$"
Response: #<Net::HTTPOK:0x000000019f40d8>
#<Thread:0x000000019f61a8>: closing the connections
2 threads running
waiting for connections
#<Thread:0x000000019ee110>: got a client connection
#<Thread:0x000000019ee110>: client->server "+RESP:GTINF,02010D,867844001740540,,41,89014102277216040119,17,0,0,0.0,,3.52,0,1,1,0,0,20150630005844,2,1,,,,20150630053224,0DAF$"
Response: #<Net::HTTPOK:0x000000019ea308>
#<Thread:0x000000019ee110>: closing the connections
2 threads running
waiting for connections
#<Thread:0x000000019e44f8>: got a client connection
#<Thread:0x000000019e44f8>: client->server "+RESP:GTINF,02010D,867844001740540,,41,89014102277216040119,17,0,0,0.0,,3.52,0,1,1,0,0,20150630005844,2,1,,,,20150630053723,0DB0$"
Response: #<Net::HTTPOK:0x000000019e2428>
#<Thread:0x000000019e44f8>: closing the connections
2 threads running
waiting for connections
#<Thread:0x000000019dce60>: got a client connection
#<Thread:0x000000019dce60>: client->server "+RESP:GTINF,02010D,867844001740540,,41,89014102277216040119,17,0,0,0.0,,3.52,0,1,1,0,0,20150630005844,2,1,,,,20150630054222,0DB1$"
Response: #<Net::HTTPOK:0x000000019dad90>
#<Thread:0x000000019dce60>: closing the connections
2 threads running
waiting for connections
#<Thread:0x000000019d4d78>: got a client connection
#<Thread:0x000000019d4d78>: client->server "+RESP:GTINF,02010D,867844001740540,,41,89014102277216040119,17,0,0,0.0,,3.52,0,1,1,0,0,20150630005844,2,1,,,,20150630054721,0DB2$"
Response: #<Net::HTTPOK:0x000000019d0c00>
#<Thread:0x000000019d4d78>: closing the connections
2 threads running
waiting for connections
#<Thread:0x000000019cb9d0>: got a client connection
#<Thread:0x000000019cb9d0>: client->server "+RESP:GTINF,02010D,867844001740540,,41,89014102277216040119,17,0,0,0.0,,3.52,0,1,1,0,0,20150630005844,2,1,,,,20150630055220,0DB3$"
Response: #<Net::HTTPOK:0x000000019c9900>
#<Thread:0x000000019cb9d0>: closing the connections
2 threads running
waiting for connections
#<Thread:0x000000019c2e70>: got a client connection
#<Thread:0x000000019c2e70>: client->server "+RESP:GTSTT,02010D,867844001740540,,42,0,0.0,0,147.1,-97.147307,32.742779,20150630005844,0310,0410,CB87,0C79,,20150630055237,0DB4$"
Response: #<Net::HTTPOK:0x000000019be7a8>
#<Thread:0x000000019c2e70>: closing the connections
2 threads running
waiting for connections
#<Thread:0x000000019b8010>: got a client connection
#<Thread:0x000000019b8010>: client->server "+RESP:GTSTT,02010D,867844001740540,,41,0,0.0,0,147.1,-97.147307,32.742779,20150630005844,0310,0410,CB87,0C79,,20150630055457,0DB5$"
Response: #<Net::HTTPOK:0x000000019b5e00>
#<Thread:0x000000019b8010>: closing the connections
2 threads running
waiting for connections
#<Thread:0x00000001818570>: got a client connection
#<Thread:0x00000001818570>: client->server "+RESP:GTSTT,02010D,867844001740540,,42,0,0.0,0,147.1,-97.147307,32.742779,20150630005844,0310,0410,CB87,9FB2,,20150630055504,0DB6$"
Response: #<Net::HTTPOK:0x000000017d8178>
#<Thread:0x00000001818570>: closing the connections
2 threads running
waiting for connections
#<Thread:0x000000017cd0c0>: got a client connection
#<Thread:0x000000017cd0c0>: client->server "+RESP:GTSTT,02010D,867844001740540,,41,0,0.0,0,147.1,-97.147307,32.742779,20150630005844,0310,0410,CB87,0C77,,20150630055608,0DB7$"
Response: #<Net::HTTPOK:0x00000001773430>
#<Thread:0x000000017cd0c0>: closing the connections
2 threads running
waiting for connections
#<Thread:0x00000001740850>: got a client connection
#<Thread:0x00000001740850>: client->server "+RESP:GTSTT,02010D,867844001740540,,42,0,0.0,0,147.1,-97.147307,32.742779,20150630005844,0310,0410,CB87,0C77,,20150630055652,0DB8$"
Response: #<Net::HTTPOK:0x0000000179c4c0>
#<Thread:0x00000001740850>: closing the connections
2 threads running
waiting for connections
#<Thread:0x00000001710d58>: got a client connection
#<Thread:0x00000001710d58>: client->server "+RESP:GTINF,02010D,867844001740540,,42,89014102277216040119,15,0,0,0.0,,3.52,0,1,1,0,0,20150630005844,2,1,,,,20150630055720,0DB9$"
Response: #<Net::HTTPOK:0x0000000170aea8>
#<Thread:0x00000001710d58>: closing the connections
2 threads running
waiting for connections
#<Thread:0x00000001704490>: got a client connection
#<Thread:0x00000001704490>: client->server "+RESP:GTSTT,02010D,867844001740540,,41,0,0.0,0,147.1,-97.147307,32.742779,20150630005844,0310,0410,CB87,0C77,,20150630055735,0DBA$"
Response: #<Net::HTTPOK:0x00000001700048>
#<Thread:0x00000001704490>: closing the connections
2 threads running
waiting for connections
#<Thread:0x000000016f5eb8>: got a client connection
#<Thread:0x000000016f5eb8>: client->server "+RESP:GTSTT,02010D,867844001740540,,42,0,0.0,0,147.1,-97.147307,32.742779,20150630005844,0310,0410,CB87,0C77,,20150630055909,0DBB$"
Response: #<Net::HTTPOK:0x000000016f2a10>
#<Thread:0x000000016f5eb8>: closing the connections
2 threads running
waiting for connections
#<Thread:0x000000016d5168>: got a client connection
#<Thread:0x000000016d5168>: client->server "+RESP:GTSTT,02010D,867844001740540,,41,0,0.0,0,147.1,-97.147307,32.742779,20150630005844,0310,0410,CB87,0C77,,20150630060005,0DBC$"
Response: #<Net::HTTPOK:0x000000016cf010>
#<Thread:0x000000016d5168>: closing the connections
2 threads running
waiting for connections
#<Thread:0x000000016c8a80>: got a client connection
#<Thread:0x000000016c8a80>: client->server "+RESP:GTSTT,02010D,867844001740540,,42,0,0.0,0,147.1,-97.147307,32.742779,20150630005844,0310,0410,CB87,0C77,,20150630060021,0DBD$"
Response: #<Net::HTTPOK:0x000000016c4a20>
#<Thread:0x000000016c8a80>: closing the connections
2 threads running
waiting for connections
#<Thread:0x000000016be5a8>: got a client connection
#<Thread:0x000000016be5a8>: client->server "+RESP:GTSTT,02010D,867844001740540,,41,0,0.0,0,147.1,-97.147307,32.742779,20150630005844,0310,0410,CB87,0C79,,20150630060158,0DBE$"
Response: #<Net::HTTPOK:0x000000016bbf60>
#<Thread:0x000000016be5a8>: closing the connections
2 threads running
waiting for connections
#<Thread:0x000000016b4300>: got a client connection
#<Thread:0x000000016b4300>: client->server "+RESP:GTINF,02010D,867844001740540,,41,89014102277216040119,11,0,0,0.0,,3.52,0,1,1,0,0,20150630005844,2,1,,,,20150630060219,0DBF$"
Response: #<Net::HTTPOK:0x000000016b1768>
#<Thread:0x000000016b4300>: closing the connections
2 threads running
waiting for connections
#<Thread:0x000000016a8d70>: got a client connection
#<Thread:0x000000016a8d70>: client->server "+RESP:GTSTT,02010D,867844001740540,,42,0,0.0,0,147.1,-97.147307,32.742779,20150630005844,0310,0410,CB87,0C79,,20150630060310,0DC0$"
Response: #<Net::HTTPOK:0x000000016a63e0>
#<Thread:0x000000016a8d70>: closing the connections
2 threads running
waiting for connections
#<Thread:0x00000001678cd8>: got a client connection
#<Thread:0x00000001678cd8>: client->server "+RESP:GTSTT,02010D,867844001740540,,41,0,0.0,0,147.1,-97.147307,32.742779,20150630005844,0310,0410,CB87,0C79,,20150630060502,0DC1$"
Response: #<Net::HTTPOK:0x007f138c05c480>
#<Thread:0x00000001678cd8>: closing the connections
2 threads running
waiting for connections
#<Thread:0x000000016a80a0>: got a client connection
#<Thread:0x000000016a80a0>: client->server "+RESP:GTINF,02010D,867844001740540,,41,89014102277216040119,10,0,0,0.0,,3.52,0,1,1,0,0,20150630005844,2,1,,,,20150630060718,0DC2$"
Response: #<Net::HTTPOK:0x000000012ed668>
#<Thread:0x000000016a80a0>: closing the connections
2 threads running
waiting for connections
#<Thread:0x000000012fbc18>: got a client connection
#<Thread:0x000000012fbc18>: client->server "+RESP:GTINF,02010D,867844001740540,,41,89014102277216040119,11,0,0,0.0,,3.52,0,1,1,0,0,20150630005844,2,1,,,,20150630061217,0DC3$"
Response: #<Net::HTTPOK:0x00000001306938>
#<Thread:0x000000012fbc18>: closing the connections
2 threads running
waiting for connections
#<Thread:0x000000013092f0>: got a client connection
#<Thread:0x000000013092f0>: client->server "+RESP:GTINF,02010D,867844001740540,,41,89014102277216040119,11,0,0,0.0,,3.52,0,1,1,0,0,20150630005844,1,1,,,,20150630061716,0DC4$"
Response: #<Net::HTTPOK:0x0000000130dc88>
#<Thread:0x000000013092f0>: closing the connections
2 threads running
waiting for connections
#<Thread:0x0000000130fa60>: got a client connection
#<Thread:0x0000000130fa60>: client->server "+RESP:GTINF,02010D,867844001740540,,41,89014102277216040119,11,0,0,0.0,,3.52,0,1,1,0,0,20150630005844,0,1,,,,20150630062215,0DC5$"
Response: #<Net::HTTPOK:0x00000001314060>
#<Thread:0x0000000130fa60>: closing the connections
2 threads running
waiting for connections
#<Thread:0x000000013229a8>: got a client connection
#<Thread:0x000000013229a8>: client->server "+RESP:GTINF,02010D,867844001740540,,41,89014102277216040119,10,0,0,0.0,,3.52,0,1,1,0,0,20150630005844,0,1,,,,20150630062714,0DC6$"
Response: #<Net::HTTPOK:0x000000013238f8>
#<Thread:0x000000013229a8>: closing the connections
2 threads running
waiting for connections
#<Thread:0x0000000132b300>: got a client connection
#<Thread:0x0000000132b300>: client->server "+RESP:GTINF,02010D,867844001740540,,41,89014102277216040119,9,0,0,0.0,,3.52,0,1,1,0,0,20150630005844,0,1,,,,20150630063213,0DC7$"
Response: #<Net::HTTPOK:0x000000014cb278>
#<Thread:0x0000000132b300>: closing the connections
2 threads running
waiting for connections
#<Thread:0x000000014d4a58>: got a client connection
#<Thread:0x000000014d4a58>: client->server "+RESP:GTINF,02010D,867844001740540,,41,89014102277216040119,12,0,0,0.0,,3.52,0,1,1,0,0,20150630005844,0,1,,,,20150630063712,0DC8$"
Response: #<Net::HTTPOK:0x00000001413268>
#<Thread:0x000000014d4a58>: closing the connections
2 threads running
waiting for connections
#<Thread:0x0000000142fb70>: got a client connection
#<Thread:0x0000000142fb70>: client->server "+RESP:GTSTT,02010D,867844001740540,,42,0,0.0,0,147.1,-97.147307,32.742779,20150630005844,0310,0410,CB87,0C79,,20150630063827,0DC9$"
Response: #<Net::HTTPOK:0x000000014e2950>
#<Thread:0x0000000142fb70>: closing the connections
2 threads running
waiting for connections
#<Thread:0x0000000153bd70>: got a client connection
#<Thread:0x0000000153bd70>: client->server "+RESP:GTINF,02010D,867844001740540,,42,89014102277216040119,10,0,0,0.0,,3.52,0,1,1,0,0,20150630005844,0,1,,,,20150630064211,0DCA$"
Response: #<Net::HTTPOK:0x00000001556da0>
#<Thread:0x0000000153bd70>: closing the connections
2 threads running
waiting for connections
#<Thread:0x0000000155b5d0>: got a client connection
#<Thread:0x0000000155b5d0>: client->server "+RESP:GTSTT,02010D,867844001740540,,41,0,0.0,0,147.1,-97.147307,32.742779,20150630005844,0310,0410,CB87,0C77,,20150630064541,0DCB$"
Response: #<Net::HTTPOK:0x00000001558e98>
#<Thread:0x0000000155b5d0>: closing the connections
2 threads running
waiting for connections
#<Thread:0x00000001565918>: got a client connection
#<Thread:0x00000001565918>: client->server "+RESP:GTINF,02010D,867844001740540,,41,89014102277216040119,15,0,0,0.0,,3.52,0,1,1,0,0,20150630005844,0,1,,,,20150630064710,0DCC$"
Response: #<Net::HTTPOK:0x0000000158f8f8>
#<Thread:0x00000001565918>: closing the connections
2 threads running
waiting for connections
#<Thread:0x00000001599b78>: got a client connection
#<Thread:0x00000001599b78>: client->server "+RESP:GTINF,02010D,867844001740540,,41,89014102277216040119,15,0,0,0.0,,3.52,0,1,1,0,0,20150630005844,0,1,,,,20150630065210,0DCD$"
Response: #<Net::HTTPOK:0x000000015a92d0>
#<Thread:0x00000001599b78>: closing the connections
2 threads running
waiting for connections
#<Thread:0x0000000162d8c8>: got a client connection
#<Thread:0x0000000162d8c8>: client->server "+RESP:GTINF,02010D,867844001740540,,41,89014102277216040119,15,0,0,0.0,,3.52,0,1,1,0,0,20150630005844,0,1,,,,20150630065709,0DCE$"
Response: #<Net::HTTPOK:0x00000001672d10>
#<Thread:0x0000000162d8c8>: closing the connections
2 threads running
waiting for connections
#<Thread:0x00000001677a68>: got a client connection
#<Thread:0x00000001677a68>: client->server "+RESP:GTINF,02010D,867844001740540,,41,89014102277216040119,14,0,0,0.0,,3.52,0,1,1,0,0,20150630005844,0,1,,,,20150630070208,0DCF$"
Response: #<Net::HTTPOK:0x00000001685140>
#<Thread:0x00000001677a68>: closing the connections
2 threads running
waiting for connections
#<Thread:0x000000016a7330>: got a client connection
#<Thread:0x000000016a7330>: client->server "+RESP:GTINF,02010D,867844001740540,,41,89014102277216040119,15,0,0,0.0,,3.52,0,1,1,0,0,20150630005844,0,1,,,,20150630070707,0DD0$"
Response: #<Net::HTTPOK:0x000000016aee78>
#<Thread:0x000000016a7330>: closing the connections
2 threads running
waiting for connections
#<Thread:0x000000016b3dd8>: got a client connection
#<Thread:0x000000016b3dd8>: client->server "+RESP:GTINF,02010D,867844001740540,,41,89014102277216040119,15,0,0,0.0,,3.52,0,1,1,0,0,20150630005844,0,1,,,,20150630071206,0DD1$"
Response: #<Net::HTTPOK:0x000000016ba318>
#<Thread:0x000000016b3dd8>: closing the connections
2 threads running
waiting for connections
#<Thread:0x000000016bdec8>: got a client connection
#<Thread:0x000000016bdec8>: client->server "+RESP:GTINF,02010D,867844001740540,,41,89014102277216040119,15,0,0,0.0,,3.52,0,1,1,0,0,20150630005844,0,1,,,,20150630071705,0DD2$"
Response: #<Net::HTTPOK:0x000000016bb880>
#<Thread:0x000000016bdec8>: closing the connections
2 threads running
waiting for connections
#<Thread:0x000000016ca3a8>: got a client connection
#<Thread:0x000000016ca3a8>: client->server "+RESP:GTINF,02010D,867844001740540,,41,89014102277216040119,15,0,0,0.0,,3.52,0,1,1,0,0,20150630005844,0,1,,,,20150630072204,0DD3$"
Response: #<Net::HTTPOK:0x000000016c7630>
#<Thread:0x000000016ca3a8>: closing the connections
2 threads running
waiting for connections
#<Thread:0x000000016cc360>: got a client connection
#<Thread:0x000000016cc360>: client->server "+RESP:GTINF,02010D,867844001740540,,41,89014102277216040119,15,0,0,0.0,,3.52,0,1,1,0,0,20150630005844,0,1,,,,20150630072703,0DD4$"
Response: #<Net::HTTPOK:0x000000016d9e20>
#<Thread:0x000000016cc360>: closing the connections
2 threads running
waiting for connections
#<Thread:0x000000016f4220>: got a client connection
#<Thread:0x000000016f4220>: client->server "+RESP:GTINF,02010D,867844001740540,,41,89014102277216040119,15,0,0,0.0,,3.52,0,1,1,0,0,20150630005844,0,1,,,,20150630073202,0DD5$"
Response: #<Net::HTTPOK:0x000000016fa6c0>
#<Thread:0x000000016f4220>: closing the connections
2 threads running
waiting for connections
#<Thread:0x00000001705cf0>: got a client connection
#<Thread:0x00000001705cf0>: client->server "+RESP:GTINF,02010D,867844001740540,,41,89014102277216040119,15,0,0,0.0,,3.52,0,1,1,0,0,20150630005844,0,1,,,,20150630073701,0DD6$"
Response: #<Net::HTTPOK:0x00000001702f28>
#<Thread:0x00000001705cf0>: closing the connections
2 threads running
waiting for connections
#<Thread:0x00000001710560>: got a client connection
#<Thread:0x00000001710560>: client->server "+RESP:GTINF,02010D,867844001740540,,41,89014102277216040119,15,0,0,0.0,,3.52,0,1,1,0,0,20150630005844,0,1,,,,20150630074200,0DD7$"
Response: #<Net::HTTPOK:0x00000001726068>
#<Thread:0x00000001710560>: closing the connections
2 threads running
waiting for connections
#<Thread:0x0000000179d500>: got a client connection
#<Thread:0x0000000179d500>: client->server "+RESP:GTINF,02010D,867844001740540,,41,89014102277216040119,15,0,0,0.0,,3.52,0,1,1,0,0,20150630005844,0,1,,,,20150630074700,0DD8$"
Response: #<Net::HTTPOK:0x00000001740d50>
#<Thread:0x0000000179d500>: closing the connections
2 threads running
waiting for connections
#<Thread:0x000000017cbd10>: got a client connection
#<Thread:0x000000017cbd10>: client->server "+RESP:GTINF,02010D,867844001740540,,41,89014102277216040119,14,0,0,0.0,,3.52,0,1,1,0,0,20150630005844,0,1,,,,20150630075159,0DD9$"
Response: #<Net::HTTPOK:0x000000017d3790>
#<Thread:0x000000017cbd10>: closing the connections
2 threads running
waiting for connections
#<Thread:0x00000001819538>: got a client connection
#<Thread:0x00000001819538>: client->server "+RESP:GTINF,02010D,867844001740540,,41,89014102277216040119,14,0,0,0.0,,3.52,0,1,1,0,0,20150630005844,0,1,,,,20150630075658,0DDA$"
Response: #<Net::HTTPOK:0x0000000182bd78>
#<Thread:0x00000001819538>: closing the connections
2 threads running
waiting for connections
#<Thread:0x000000019b70c0>: got a client connection
#<Thread:0x000000019b70c0>: client->server "+RESP:GTINF,02010D,867844001740540,,41,89014102277216040119,15,0,0,0.0,,3.52,0,1,1,0,0,20150630005844,0,1,,,,20150630080157,0DDB$"
Response: #<Net::HTTPOK:0x000000019bfa40>
#<Thread:0x000000019b70c0>: closing the connections
2 threads running
waiting for connections
#<Thread:0x000000019bbf80>: got a client connection
#<Thread:0x000000019bbf80>: client->server "+RESP:GTINF,02010D,867844001740540,,41,89014102277216040119,13,0,0,0.0,,3.52,0,1,1,0,0,20150630005844,0,1,,,,20150630080656,0DDC$"
Response: #<Net::HTTPOK:0x000000019c43b0>
#<Thread:0x000000019bbf80>: closing the connections
2 threads running
waiting for connections
#<Thread:0x000000019cb480>: got a client connection
#<Thread:0x000000019cb480>: client->server "+RESP:GTINF,02010D,867844001740540,,41,89014102277216040119,14,0,0,0.0,,3.52,0,1,1,0,0,20150630005844,0,1,,,,20150630081155,0DDD$"
Response: #<Net::HTTPOK:0x000000019c92c0>
#<Thread:0x000000019cb480>: closing the connections
2 threads running
waiting for connections
#<Thread:0x000000019cee78>: got a client connection
#<Thread:0x000000019cee78>: client->server "+RESP:GTINF,02010D,867844001740540,,41,89014102277216040119,14,0,0,0.0,,3.51,0,1,1,0,0,20150630005844,0,1,,,,20150630081654,0DDE$"
Response: #<Net::HTTPOK:0x000000019d6e20>
#<Thread:0x000000019cee78>: closing the connections
2 threads running
waiting for connections
#<Thread:0x000000019dd7e8>: got a client connection
#<Thread:0x000000019dd7e8>: client->server "+RESP:GTINF,02010D,867844001740540,,41,89014102277216040119,14,0,0,0.0,,3.50,0,1,1,0,0,20150630005844,0,1,,,,20150630082153,0DDF$"
Response: #<Net::HTTPOK:0x000000019db5b0>
#<Thread:0x000000019dd7e8>: closing the connections
2 threads running
waiting for connections
#<Thread:0x000000019e1460>: got a client connection
#<Thread:0x000000019e1460>: client->server "+RESP:GTINF,02010D,867844001740540,,41,89014102277216040119,13,0,0,0.0,,3.51,0,1,1,0,0,20150630005844,0,1,,,,20150630082652,0DE0$"
Response: #<Net::HTTPOK:0x000000019e96b0>
#<Thread:0x000000019e1460>: closing the connections
2 threads running
waiting for connections
#<Thread:0x000000019ef8f8>: got a client connection
#<Thread:0x000000019ef8f8>: client->server "+RESP:GTINF,02010D,867844001740540,,41,89014102277216040119,15,0,0,0.0,,3.51,0,1,1,0,0,20150630005844,0,1,,,,20150630083151,0DE1$"
Response: #<Net::HTTPOK:0x000000019ed6c0>
#<Thread:0x000000019ef8f8>: closing the connections
2 threads running
waiting for connections
#<Thread:0x000000019f3f70>: got a client connection
#<Thread:0x000000019f3f70>: client->server "+RESP:GTINF,02010D,867844001740540,,41,89014102277216040119,15,0,0,0.0,,3.51,0,1,1,0,0,20150630005844,0,1,,,,20150630083650,0DE2$"
Response: #<Net::HTTPOK:0x000000019fcd28>
#<Thread:0x000000019f3f70>: closing the connections
2 threads running
waiting for connections
#<Thread:0x00000001a029f8>: got a client connection
#<Thread:0x00000001a029f8>: client->server "+RESP:GTINF,02010D,867844001740540,,41,89014102277216040119,15,0,0,0.0,,3.51,0,1,1,0,0,20150630005844,0,1,,,,20150630084150,0DE3$"
Response: #<Net::HTTPOK:0x00000001a00928>
#<Thread:0x00000001a029f8>: closing the connections
2 threads running
waiting for connections
#<Thread:0x00000001a07250>: got a client connection
#<Thread:0x00000001a07250>: client->server "+RESP:GTINF,02010D,867844001740540,,41,89014102277216040119,14,0,0,0.0,,3.51,0,1,1,0,0,20150630005844,0,1,,,,20150630084649,0DE4$"
Response: #<Net::HTTPOK:0x00000001a0efc8>
#<Thread:0x00000001a07250>: closing the connections
2 threads running
waiting for connections
#<Thread:0x00000001a15440>: got a client connection
#<Thread:0x00000001a15440>: client->server "+RESP:GTINF,02010D,867844001740540,,41,89014102277216040119,14,0,0,0.0,,3.51,0,1,1,0,0,20150630005844,0,1,,,,20150630085148,0DE5$"
Response: #<Net::HTTPOK:0x00000001a13370>
#<Thread:0x00000001a15440>: closing the connections
2 threads running
waiting for connections
#<Thread:0x00000001a191a8>: got a client connection
#<Thread:0x00000001a191a8>: client->server "+RESP:GTINF,02010D,867844001740540,,41,89014102277216040119,13,0,0,0.0,,3.51,0,1,1,0,0,20150630005844,0,1,,,,20150630085647,0DE6$"
Response: #<Net::HTTPOK:0x00000001a20f70>
#<Thread:0x00000001a191a8>: closing the connections
2 threads running
waiting for connections
#<Thread:0x00000001a1d3c0>: got a client connection
#<Thread:0x00000001a1d3c0>: client->server "+RESP:GTINF,02010D,867844001740540,,41,89014102277216040119,14,0,0,0.0,,3.51,0,1,1,0,0,20150630005844,0,1,,,,20150630090146,0DE7$"
Response: #<Net::HTTPOK:0x00000001a25908>
#<Thread:0x00000001a1d3c0>: closing the connections
2 threads running
waiting for connections
#<Thread:0x00000001a2bc90>: got a client connection
#<Thread:0x00000001a2bc90>: client->server "+RESP:GTINF,02010D,867844001740540,,41,89014102277216040119,12,0,0,0.0,,3.51,0,1,1,0,0,20150630005844,0,1,,,,20150630090645,0DE8$"
Response: #<Net::HTTPOK:0x00000001a29a58>
#<Thread:0x00000001a2bc90>: closing the connections
2 threads running
waiting for connections
#<Thread:0x00000001a2ff98>: got a client connection
#<Thread:0x00000001a2ff98>: client->server "+RESP:GTINF,02010D,867844001740540,,41,89014102277216040119,13,0,0,0.0,,3.51,0,1,1,0,0,20150630005844,0,1,,,,20150630091144,0DE9$"
Response: #<Net::HTTPOK:0x00000001a37ec8>
#<Thread:0x00000001a2ff98>: closing the connections
2 threads running
waiting for connections
#<Thread:0x00000001a3e4a8>: got a client connection
#<Thread:0x00000001a3e4a8>: client->server "+RESP:GTINF,02010D,867844001740540,,41,89014102277216040119,15,0,0,0.0,,3.51,0,1,1,0,0,20150630005844,0,1,,,,20150630091643,0DEA$"
Response: #<Net::HTTPOK:0x00000001a3c270>
#<Thread:0x00000001a3e4a8>: closing the connections
2 threads running
waiting for connections
#<Thread:0x00000001a42670>: got a client connection
#<Thread:0x00000001a42670>: client->server "+RESP:GTINF,02010D,867844001740540,,41,89014102277216040119,15,0,0,0.0,,3.51,0,1,1,0,0,20150630005844,0,1,,,,20150630092142,0DEB$"
Response: #<Net::HTTPOK:0x00000001a4a578>
#<Thread:0x00000001a42670>: closing the connections
2 threads running
waiting for connections
#<Thread:0x00000001a50838>: got a client connection
#<Thread:0x00000001a50838>: client->server "+RESP:GTINF,02010D,867844001740540,,41,89014102277216040119,15,0,0,0.0,,3.51,0,1,1,0,0,20150630005844,0,1,,,,20150630092641,0DEC$"
Response: #<Net::HTTPOK:0x00000001a4e768>
#<Thread:0x00000001a50838>: closing the connections
2 threads running
waiting for connections
#<Thread:0x00000001a546b8>: got a client connection
#<Thread:0x00000001a546b8>: client->server "+RESP:GTINF,02010D,867844001740540,,41,89014102277216040119,13,0,0,0.0,,3.51,0,1,1,0,0,20150630005844,0,1,,,,20150630093140,0DED$"
Response: #<Net::HTTPOK:0x00000001a5c250>
#<Thread:0x00000001a546b8>: closing the connections
2 threads running
waiting for connections
#<Thread:0x00000001a62678>: got a client connection
#<Thread:0x00000001a62678>: client->server "+RESP:GTINF,02010D,867844001740540,,41,89014102277216040119,13,0,0,0.0,,3.51,0,1,1,0,0,20150630005844,0,1,,,,20150630093640,0DEE$"
Response: #<Net::HTTPOK:0x00000001a605a8>
#<Thread:0x00000001a62678>: closing the connections
2 threads running
waiting for connections
#<Thread:0x00000001a65fd0>: got a client connection
#<Thread:0x00000001a65fd0>: client->server "+RESP:GTINF,02010D,867844001740540,,41,89014102277216040119,12,0,0,0.0,,3.51,0,1,1,0,0,20150630005844,0,1,,,,20150630094139,0DEF$"
Response: #<Net::HTTPOK:0x00000001a6dac8>
#<Thread:0x00000001a65fd0>: closing the connections
2 threads running
waiting for connections
#<Thread:0x00000001a73ea0>: got a client connection
#<Thread:0x00000001a73ea0>: client->server "+RESP:GTINF,02010D,867844001740540,,41,89014102277216040119,14,0,0,0.0,,3.51,0,1,1,0,0,20150630005844,0,1,,,,20150630094638,0DF0$"
Response: #<Net::HTTPOK:0x00000001a71dd0>
#<Thread:0x00000001a73ea0>: closing the connections
2 threads running
waiting for connections
#<Thread:0x00000001a78c70>: got a client connection
#<Thread:0x00000001a78c70>: client->server "+RESP:GTINF,02010D,867844001740540,,41,89014102277216040119,14,0,0,0.0,,3.51,0,1,1,0,0,20150630005844,0,1,,,,20150630095137,0DF1$"
Response: #<Net::HTTPOK:0x00000001a80a10>
#<Thread:0x00000001a78c70>: closing the connections
2 threads running
waiting for connections
#<Thread:0x00000001a86988>: got a client connection
#<Thread:0x00000001a86988>: client->server "+RESP:GTINF,02010D,867844001740540,,41,89014102277216040119,14,0,0,0.0,,3.51,0,1,1,0,0,20150630005844,0,1,,,,20150630095636,0DF2$"
Response: #<Net::HTTPOK:0x00000001a848b8>
#<Thread:0x00000001a86988>: closing the connections
2 threads running
waiting for connections
#<Thread:0x00000001a8ad80>: got a client connection
#<Thread:0x00000001a8ad80>: client->server "+RESP:GTSTT,02010D,867844001740540,,42,0,0.0,0,147.1,-97.147307,32.742779,20150630005844,0310,0410,CB87,0C79,,20150630095934,0DF3$"
Response: #<Net::HTTPOK:0x00000001a90168>
#<Thread:0x00000001a8ad80>: closing the connections
2 threads running
waiting for connections
#<Thread:0x007f138c00baa8>: got a client connection
#<Thread:0x007f138c00baa8>: client->server "+RESP:GTSTT,02010D,867844001740540,,41,0,0.0,0,147.1,-97.147307,32.742779,20150630005844,0310,0410,CB87,0C79,,20150630100110,0DF4$"
Response: #<Net::HTTPOK:0x007f138c015c60>
#<Thread:0x007f138c00baa8>: closing the connections
2 threads running
waiting for connections
#<Thread:0x007f138c021678>: got a client connection
#<Thread:0x007f138c021678>: client->server "+RESP:GTINF,02010D,867844001740540,,41,89014102277216040119,13,0,0,0.0,,3.51,0,1,1,0,0,20150630005844,0,1,,,,20150630100135,0DF5$"
Response: #<Net::HTTPOK:0x007f138c01f5a8>
#<Thread:0x007f138c021678>: closing the connections
2 threads running
waiting for connections
#<Thread:0x007f138c02b8d0>: got a client connection
#<Thread:0x007f138c02b8d0>: client->server "+RESP:GTINF,02010D,867844001740540,,41,89014102277216040119,14,0,0,0.0,,3.51,0,1,1,0,0,20150630005844,0,1,,,,20150630100634,0DF6$"
Response: #<Net::HTTPOK:0x007f138c029698>
#<Thread:0x007f138c02b8d0>: closing the connections
2 threads running
waiting for connections
#<Thread:0x007f138c030150>: got a client connection
#<Thread:0x007f138c030150>: client->server "+RESP:GTINF,02010D,867844001740540,,41,89014102277216040119,14,0,0,0.0,,3.51,0,1,1,0,0,20150630005844,0,1,,,,20150630101133,0DF7$"
Response: #<Net::HTTPOK:0x007f138c03d1e8>
#<Thread:0x007f138c030150>: closing the connections
2 threads running
waiting for connections
#<Thread:0x007f138c049768>: got a client connection
#<Thread:0x007f138c049768>: client->server "+RESP:GTINF,02010D,867844001740540,,41,89014102277216040119,14,0,0,0.0,,3.51,0,1,1,0,0,20150630005844,0,1,,,,20150630101632,0DF8$"
Response: #<Net::HTTPOK:0x007f138c047620>
#<Thread:0x007f138c049768>: closing the connections
2 threads running
waiting for connections
#<Thread:0x007f138c052e80>: got a client connection
#<Thread:0x007f138c052e80>: client->server "+RESP:GTINF,02010D,867844001740540,,41,89014102277216040119,14,0,0,0.0,,3.51,0,1,1,0,0,20150630005844,0,1,,,,20150630102132,0DF9$"
Response: #<Net::HTTPOK:0x007f138c05b468>
#<Thread:0x007f138c052e80>: closing the connections
2 threads running
waiting for connections
#<Thread:0x007f138c067538>: got a client connection
#<Thread:0x007f138c067538>: client->server "+RESP:GTINF,02010D,867844001740540,,41,89014102277216040119,14,0,0,0.0,,3.51,0,1,1,0,0,20150630005844,0,1,,,,20150630102631,0DFA$"
Response: #<Net::HTTPOK:0x007f138c065468>
#<Thread:0x007f138c067538>: closing the connections
2 threads running
waiting for connections
#<Thread:0x007f138c071100>: got a client connection
#<Thread:0x007f138c071100>: client->server "+RESP:GTINF,02010D,867844001740540,,41,89014102277216040119,14,0,0,0.0,,3.51,0,1,1,0,0,20150630005844,0,1,,,,20150630103130,0DFB$"
Response: #<Net::HTTPOK:0x007f138c079440>
#<Thread:0x007f138c071100>: closing the connections
2 threads running
waiting for connections
#<Thread:0x007f138c0850d8>: got a client connection
#<Thread:0x007f138c0850d8>: client->server "+RESP:GTINF,02010D,867844001740540,,41,89014102277216040119,13,0,0,0.0,,3.51,0,1,1,0,0,20150630005844,0,1,,,,20150630103629,0DFC$"
Response: #<Net::HTTPOK:0x007f138c083008>
#<Thread:0x007f138c0850d8>: closing the connections
2 threads running
waiting for connections
#<Thread:0x007f138c08f1f0>: got a client connection
#<Thread:0x007f138c08f1f0>: client->server "+RESP:GTINF,02010D,867844001740540,,41,89014102277216040119,14,0,0,0.0,,3.50,0,1,1,0,0,20150630005844,0,1,,,,20150630104128,0DFD$"
Response: #<Net::HTTPOK:0x007f138c097580>
#<Thread:0x007f138c08f1f0>: closing the connections
2 threads running
waiting for connections
#<Thread:0x007f138c0a2c28>: got a client connection
#<Thread:0x007f138c0a2c28>: client->server "+RESP:GTINF,02010D,867844001740540,,41,89014102277216040119,14,0,0,0.0,,3.51,0,1,1,0,0,20150630005844,0,1,,,,20150630104627,0DFE$"
Response: #<Net::HTTPOK:0x007f138c0a0b58>
#<Thread:0x007f138c0a2c28>: closing the connections
2 threads running
waiting for connections
#<Thread:0x007f138c0ad088>: got a client connection
#<Thread:0x007f138c0ad088>: client->server "+RESP:GTINF,02010D,867844001740540,,41,89014102277216040119,14,0,0,0.0,,3.51,0,1,1,0,0,20150630005844,0,1,,,,20150630105126,0DFF$"
Response: #<Net::HTTPOK:0x007f138c0b9e78>
#<Thread:0x007f138c0ad088>: closing the connections
2 threads running
waiting for connections
#<Thread:0x007f138c0c0d40>: got a client connection
#<Thread:0x007f138c0c0d40>: client->server "+RESP:GTINF,02010D,867844001740540,,41,89014102277216040119,14,0,0,0.0,,3.50,0,1,1,0,0,20150630005844,0,1,,,,20150630105625,0E00$"
Response: #<Net::HTTPOK:0x007f138c0bec70>
#<Thread:0x007f138c0c0d40>: closing the connections
2 threads running
waiting for connections
#<Thread:0x007f138c0caef8>: got a client connection
#<Thread:0x007f138c0caef8>: client->server "+RESP:GTINF,02010D,867844001740540,,41,89014102277216040119,14,0,0,0.0,,3.51,0,1,1,0,0,20150630005844,0,1,,,,20150630110124,0E01$"
Response: #<Net::HTTPOK:0x007f138c0d84e0>
#<Thread:0x007f138c0caef8>: closing the connections
2 threads running
waiting for connections
#<Thread:0x007f138c0d48b8>: got a client connection
#<Thread:0x007f138c0d48b8>: client->server "+RESP:GTINF,02010D,867844001740540,,41,89014102277216040119,14,0,0,0.0,,3.50,0,1,1,0,0,20150630005844,0,1,,,,20150630110623,0E02$"
Response: #<Net::HTTPOK:0x007f138c0dcea0>
#<Thread:0x007f138c0d48b8>: closing the connections
2 threads running
waiting for connections
#<Thread:0x007f138c0e8930>: got a client connection
#<Thread:0x007f138c0e8930>: client->server "+RESP:GTINF,02010D,867844001740540,,41,89014102277216040119,14,0,0,0.0,,3.50,0,1,1,0,0,20150630005844,0,1,,,,20150630111122,0E03$"
Response: #<Net::HTTPOK:0x007f138c0e6770>
#<Thread:0x007f138c0e8930>: closing the connections
2 threads running
waiting for connections
#<Thread:0x007f138c0dec50>: got a client connection
#<Thread:0x007f138c0dec50>: client->server "+RESP:GTINF,02010D,867844001740540,,41,89014102277216040119,14,0,0,0.0,,3.50,0,1,1,0,0,20150630005844,0,1,,,,20150630111622,0E04$"
Response: #<Net::HTTPOK:0x007f138c0dca90>
#<Thread:0x007f138c0dec50>: closing the connections
2 threads running
waiting for connections
#<Thread:0x007f138c0d6848>: got a client connection
#<Thread:0x007f138c0d6848>: client->server "+RESP:GTINF,02010D,867844001740540,,41,89014102277216040119,14,0,0,0.0,,3.50,0,1,1,0,0,20150630005844,0,1,,,,20150630112121,0E05$"
Response: #<Net::HTTPOK:0x007f138c0d4700>
#<Thread:0x007f138c0d6848>: closing the connections
2 threads running
waiting for connections
#<Thread:0x007f138c0c9288>: got a client connection
#<Thread:0x007f138c0c9288>: client->server "+RESP:GTINF,02010D,867844001740540,,41,89014102277216040119,14,0,0,0.0,,3.50,0,1,1,0,0,20150630005844,0,1,,,,20150630112620,0E06$"
Response: #<Net::HTTPOK:0x007f138c0bf2d8>
#<Thread:0x007f138c0c9288>: closing the connections
2 threads running
waiting for connections
#<Thread:0x007f138c0b8cd0>: got a client connection
#<Thread:0x007f138c0b8cd0>: client->server "+RESP:GTINF,02010D,867844001740540,,41,89014102277216040119,14,0,0,0.0,,3.50,0,1,1,0,0,20150630005844,0,1,,,,20150630113119,0E07$"
Response: #<Net::HTTPOK:0x007f138c0b6c00>
#<Thread:0x007f138c0b8cd0>: closing the connections
2 threads running
waiting for connections
#<Thread:0x007f138c0abf58>: got a client connection
#<Thread:0x007f138c0abf58>: client->server "+RESP:GTINF,02010D,867844001740540,,41,89014102277216040119,14,0,0,0.0,,3.50,0,1,1,0,0,20150630005844,0,1,,,,20150630113618,0E08$"
Response: #<Net::HTTPOK:0x007f138c0a1cd8>
#<Thread:0x007f138c0abf58>: closing the connections
2 threads running
waiting for connections
#<Thread:0x007f138c096f68>: got a client connection
#<Thread:0x007f138c096f68>: client->server "+RESP:GTINF,02010D,867844001740540,,41,89014102277216040119,14,0,0,0.0,,3.50,0,1,1,0,0,20150630005844,0,1,,,,20150630114117,0E09$"
Response: #<Net::HTTPOK:0x007f138c094e98>
#<Thread:0x007f138c096f68>: closing the connections
2 threads running
waiting for connections
#<Thread:0x007f138c08ed68>: got a client connection
#<Thread:0x007f138c08ed68>: client->server "+RESP:GTINF,02010D,867844001740540,,41,89014102277216040119,13,0,0,0.0,,3.50,0,1,1,0,0,20150630005844,0,1,,,,20150630114616,0E0A$"
Response: #<Net::HTTPOK:0x007f138c084de0>
#<Thread:0x007f138c08ed68>: closing the connections
2 threads running
waiting for connections
#<Thread:0x007f138c079a80>: got a client connection
#<Thread:0x007f138c079a80>: client->server "+RESP:GTINF,02010D,867844001740540,,41,89014102277216040119,13,0,0,0.0,,3.50,0,1,1,0,0,20150630005844,0,1,,,,20150630115115,0E0B$"
Response: #<Net::HTTPOK:0x007f138c0779b0>
#<Thread:0x007f138c079a80>: closing the connections
2 threads running
waiting for connections
#<Thread:0x007f138c071920>: got a client connection
#<Thread:0x007f138c071920>: client->server "+RESP:GTINF,02010D,867844001740540,,41,89014102277216040119,13,0,0,0.0,,3.50,0,1,1,0,0,20150630005844,0,1,,,,20150630115614,0E0C$"
Response: #<Net::HTTPOK:0x007f138c067d80>
#<Thread:0x007f138c071920>: closing the connections
2 threads running
waiting for connections
#<Thread:0x007f138c05c598>: got a client connection
#<Thread:0x007f138c05c598>: client->server "+RESP:GTINF,02010D,867844001740540,,41,89014102277216040119,14,0,0,0.0,,3.50,0,1,1,0,0,20150630005844,0,1,,,,20150630120113,0E0D$"
Response: #<Net::HTTPOK:0x007f138c05a4c8>
#<Thread:0x007f138c05c598>: closing the connections
2 threads running
waiting for connections
#<Thread:0x007f138c054230>: got a client connection
#<Thread:0x007f138c054230>: client->server "+RESP:GTINF,02010D,867844001740540,,41,89014102277216040119,13,0,0,0.0,,3.50,0,1,1,0,0,20150630005844,0,1,,,,20150630120612,0E0E$"
Response: #<Net::HTTPOK:0x007f138c04aac8>
#<Thread:0x007f138c054230>: closing the connections
2 threads running
waiting for connections
#<Thread:0x007f138c03ee30>: got a client connection
#<Thread:0x007f138c03ee30>: client->server "+RESP:GTINF,02010D,867844001740540,,41,89014102277216040119,13,0,0,0.0,,3.50,0,1,1,0,0,20150630005844,0,1,,,,20150630121112,0E0F$"
Response: #<Net::HTTPOK:0x007f138c03cc70>
#<Thread:0x007f138c03ee30>: closing the connections
2 threads running
waiting for connections
#<Thread:0x007f138c031fa0>: got a client connection
#<Thread:0x007f138c031fa0>: client->server "+RESP:GTINF,02010D,867844001740540,,41,89014102277216040119,13,0,0,0.0,,3.50,0,1,1,0,0,20150630005844,0,1,,,,20150630121611,0E10$"
Response: #<Net::HTTPOK:0x007f138c02fe58>
#<Thread:0x007f138c031fa0>: closing the connections
2 threads running
waiting for connections
#<Thread:0x007f138c029b20>: got a client connection
#<Thread:0x007f138c029b20>: client->server "+RESP:GTINF,02010D,867844001740540,,41,89014102277216040119,14,0,0,0.0,,3.50,0,1,1,0,0,20150630005844,0,1,,,,20150630122110,0E11$"
Response: #<Net::HTTPOK:0x007f138c01fad0>
#<Thread:0x007f138c029b20>: closing the connections
2 threads running
waiting for connections
#<Thread:0x007f138c0149a0>: got a client connection
#<Thread:0x007f138c0149a0>: client->server "+RESP:GTINF,02010D,867844001740540,,41,89014102277216040119,14,0,0,0.0,,3.50,0,1,1,0,0,20150630005844,0,1,,,,20150630122609,0E12$"
Response: #<Net::HTTPOK:0x007f138c0128d0>
#<Thread:0x007f138c0149a0>: closing the connections
2 threads running
waiting for connections
#<Thread:0x007f138c00a860>: got a client connection
#<Thread:0x007f138c00a860>: client->server "+RESP:GTINF,02010D,867844001740540,,41,89014102277216040119,14,0,0,0.0,,3.50,0,1,1,0,0,20150630005844,0,1,,,,20150630123108,0E13$"
Response: #<Net::HTTPOK:0x00000001a903e8>
#<Thread:0x007f138c00a860>: closing the connections
2 threads running
waiting for connections
#<Thread:0x00000001a8a1c8>: got a client connection
#<Thread:0x00000001a8a1c8>: client->server "+RESP:GTINF,02010D,867844001740540,,41,89014102277216040119,14,0,0,0.0,,3.50,0,1,1,0,0,20150630005844,0,1,,,,20150630123607,0E14$"
Response: #<Net::HTTPOK:0x00000001a84bb0>
#<Thread:0x00000001a8a1c8>: closing the connections
2 threads running
waiting for connections
#<Thread:0x00000001a7f520>: got a client connection
#<Thread:0x00000001a7f520>: client->server "+RESP:GTINF,02010D,867844001740540,,41,89014102277216040119,13,0,0,0.0,,3.50,0,1,1,0,0,20150630005844,0,1,,,,20150630124106,0E15$"
Response: #<Net::HTTPOK:0x00000001a7d450>
#<Thread:0x00000001a7f520>: closing the connections
2 threads running
waiting for connections
#<Thread:0x00000001a777f8>: got a client connection
#<Thread:0x00000001a777f8>: client->server "+RESP:GTINF,02010D,867844001740540,,41,89014102277216040119,13,0,0,0.0,,3.50,0,1,1,0,0,20150630005844,0,1,,,,20150630124605,0E16$"
Response: #<Net::HTTPOK:0x00000001a72be0>
#<Thread:0x00000001a777f8>: closing the connections
2 threads running
waiting for connections
#<Thread:0x00000001a6d140>: got a client connection
#<Thread:0x00000001a6d140>: client->server "+RESP:GTINF,02010D,867844001740540,,41,89014102277216040119,13,0,0,0.0,,3.50,0,1,1,0,0,20150630005844,0,1,,,,20150630125104,0E17$"
Response: #<Net::HTTPOK:0x00000001a6b070>
#<Thread:0x00000001a6d140>: closing the connections
2 threads running
waiting for connections
#<Thread:0x00000001a657d8>: got a client connection
#<Thread:0x00000001a657d8>: client->server "+RESP:GTINF,02010D,867844001740540,,41,89014102277216040119,13,0,0,0.0,,3.50,0,1,1,0,0,20150630005844,0,1,,,,20150630125603,0E18$"
Response: #<Net::HTTPOK:0x00000001a61f20>
#<Thread:0x00000001a657d8>: closing the connections
2 threads running
waiting for connections
#<Thread:0x00000001a5c4a8>: got a client connection
#<Thread:0x00000001a5c4a8>: client->server "+RESP:GTINF,02010D,867844001740540,,41,89014102277216040119,13,0,0,0.0,,3.50,0,1,1,0,0,20150630005844,0,1,,,,20150630130102,0E19$"
Response: #<Net::HTTPOK:0x00000001a5a3d8>
#<Thread:0x00000001a5c4a8>: closing the connections
2 threads running
waiting for connections
#<Thread:0x00000001a54b68>: got a client connection
#<Thread:0x00000001a54b68>: client->server "+RESP:GTINF,02010D,867844001740540,,41,89014102277216040119,13,0,0,0.0,,3.50,0,1,1,0,0,20150630005844,0,1,,,,20150630130602,0E1A$"
Response: #<Net::HTTPOK:0x00000001a50bf8>
#<Thread:0x00000001a54b68>: closing the connections
2 threads running
waiting for connections
#<Thread:0x00000001a4b1f8>: got a client connection
#<Thread:0x00000001a4b1f8>: client->server "+RESP:GTINF,02010D,867844001740540,,41,89014102277216040119,13,0,0,0.0,,3.50,0,1,1,0,0,20150630005844,0,1,,,,20150630131101,0E1B$"
Response: #<Net::HTTPOK:0x00000001a49128>
#<Thread:0x00000001a4b1f8>: closing the connections
2 threads running
waiting for connections
#<Thread:0x00000001a43660>: got a client connection
#<Thread:0x00000001a43660>: client->server "+RESP:GTINF,02010D,867844001740540,,41,89014102277216040119,13,0,0,0.0,,3.50,0,1,1,0,0,20150630005844,0,1,,,,20150630131600,0E1C$"
Response: #<Net::HTTPOK:0x00000001a3f3a8>
#<Thread:0x00000001a43660>: closing the connections
2 threads running
waiting for connections
#<Thread:0x00000001a395c0>: got a client connection
#<Thread:0x00000001a395c0>: client->server "+RESP:GTINF,02010D,867844001740540,,41,89014102277216040119,13,0,0,0.0,,3.49,0,1,1,0,0,20150630005844,0,1,,,,20150630132059,0E1D$"
Response: #<Net::HTTPOK:0x00000001a374f0>
#<Thread:0x00000001a395c0>: closing the connections
2 threads running
waiting for connections
#<Thread:0x00000001a319d8>: got a client connection
#<Thread:0x00000001a319d8>: client->server "+RESP:GTINF,02010D,867844001740540,,41,89014102277216040119,13,0,0,0.0,,3.50,0,1,1,0,0,20150630005844,0,1,,,,20150630132558,0E1E$"
Response: #<Net::HTTPOK:0x00000001a2d680>
#<Thread:0x00000001a319d8>: closing the connections
2 threads running
waiting for connections
#<Thread:0x00000001a29a58>: got a client connection
#<Thread:0x00000001a29a58>: client->server "+RESP:GTINF,02010D,867844001740540,,41,89014102277216040119,14,0,0,0.0,,3.49,0,1,1,0,0,20150630005844,0,1,,,,20150630133057,0E1F$"
Response: #<Net::HTTPOK:0x00000001a259f8>
#<Thread:0x00000001a29a58>: closing the connections
2 threads running
waiting for connections
#<Thread:0x00000001a1f8f0>: got a client connection
#<Thread:0x00000001a1f8f0>: client->server "+RESP:GTINF,02010D,867844001740540,,41,89014102277216040119,13,0,0,0.0,,3.50,0,1,1,0,0,20150630005844,0,1,,,,20150630133556,0E20$"
Response: #<Net::HTTPOK:0x00000001a1d820>
#<Thread:0x00000001a1f8f0>: closing the connections
2 threads running
waiting for connections
#<Thread:0x00000001a17b28>: got a client connection
#<Thread:0x00000001a17b28>: client->server "+RESP:GTINF,02010D,867844001740540,,41,89014102277216040119,14,0,0,0.0,,3.50,0,1,1,0,0,20150630005844,0,1,,,,20150630134055,0E21$"
Response: #<Net::HTTPOK:0x00000001a13e38>
#<Thread:0x00000001a17b28>: closing the connections
2 threads running
waiting for connections
#<Thread:0x00000001a0e3e8>: got a client connection
#<Thread:0x00000001a0e3e8>: client->server "+RESP:GTINF,02010D,867844001740540,,41,89014102277216040119,13,0,0,0.0,,3.49,0,1,1,0,0,20150630005844,0,1,,,,20150630134554,0E22$"
Response: #<Net::HTTPOK:0x00000001a0c318>
#<Thread:0x00000001a0e3e8>: closing the connections
2 threads running
waiting for connections
#<Thread:0x00000001a067d8>: got a client connection
#<Thread:0x00000001a067d8>: client->server "+RESP:GTINF,02010D,867844001740540,,41,89014102277216040119,13,0,0,0.0,,3.50,0,1,1,0,0,20150630005844,0,1,,,,20150630135053,0E23$"
Response: #<Net::HTTPOK:0x00000001a01e90>
#<Thread:0x00000001a067d8>: closing the connections
2 threads running
waiting for connections
#<Thread:0x000000019fcbe8>: got a client connection
#<Thread:0x000000019fcbe8>: client->server "+RESP:GTINF,02010D,867844001740540,,41,89014102277216040119,13,0,0,0.0,,3.50,0,1,1,0,0,20150630005844,0,1,,,,20150630135552,0E24$"
Response: #<Net::HTTPOK:0x000000019fab18>
#<Thread:0x000000019fcbe8>: closing the connections
2 threads running
waiting for connections
#<Thread:0x000000019f41a0>: got a client connection
#<Thread:0x000000019f41a0>: client->server "+RESP:GTINF,02010D,867844001740540,,41,89014102277216040119,13,0,0,0.0,,3.49,0,1,1,0,0,20150630005844,0,1,,,,20150630140052,0E25$"
Response: #<Net::HTTPOK:0x000000019efa60>
#<Thread:0x000000019f41a0>: closing the connections
2 threads running
waiting for connections
#<Thread:0x000000019ea100>: got a client connection
#<Thread:0x000000019ea100>: client->server "+RESP:GTINF,02010D,867844001740540,,41,89014102277216040119,13,0,0,0.0,,3.49,0,1,1,0,0,20150630005844,0,1,,,,20150630140551,0E26$"
Response: #<Net::HTTPOK:0x000000019e8030>
#<Thread:0x000000019ea100>: closing the connections
2 threads running
waiting for connections
#<Thread:0x000000019e2220>: got a client connection
#<Thread:0x000000019e2220>: client->server "+RESP:GTINF,02010D,867844001740540,,41,89014102277216040119,14,0,0,0.0,,3.49,0,1,1,0,0,20150630005844,0,1,,,,20150630141050,0E27$"
Response: #<Net::HTTPOK:0x000000019de4e0>
#<Thread:0x000000019e2220>: closing the connections
2 threads running
waiting for connections
#<Thread:0x000000019d82e8>: got a client connection
#<Thread:0x000000019d82e8>: client->server "+RESP:GTINF,02010D,867844001740540,,41,89014102277216040119,14,0,0,0.0,,3.49,0,1,1,0,0,20150630005844,0,1,,,,20150630141549,0E28$"
Response: #<Net::HTTPOK:0x000000019d6218>
#<Thread:0x000000019d82e8>: closing the connections
2 threads running
waiting for connections
#<Thread:0x000000019d06b0>: got a client connection
#<Thread:0x000000019d06b0>: client->server "+RESP:GTINF,02010D,867844001740540,,41,89014102277216040119,14,0,0,0.0,,3.49,0,1,1,0,0,20150630005844,0,1,,,,20150630142048,0E29$"
Response: #<Net::HTTPOK:0x000000019ccd80>
#<Thread:0x000000019d06b0>: closing the connections
2 threads running
waiting for connections
#<Thread:0x000000019c9158>: got a client connection
#<Thread:0x000000019c9158>: client->server "+RESP:GTINF,02010D,867844001740540,,41,89014102277216040119,13,0,0,0.0,,3.49,0,1,1,0,0,20150630005844,0,1,,,,20150630142547,0E2A$"
Response: #<Net::HTTPOK:0x000000019c4040>
#<Thread:0x000000019c9158>: closing the connections
2 threads running
waiting for connections
#<Thread:0x000000019bdf88>: got a client connection
#<Thread:0x000000019bdf88>: client->server "+RESP:GTINF,02010D,867844001740540,,41,89014102277216040119,13,0,0,0.0,,3.49,0,1,1,0,0,20150630005844,0,1,,,,20150630143046,0E2B$"
Response: #<Net::HTTPOK:0x000000019bbe40>
#<Thread:0x000000019bdf88>: closing the connections
2 threads running
waiting for connections
#<Thread:0x000000019b5568>: got a client connection
#<Thread:0x000000019b5568>: client->server "+RESP:GTINF,02010D,867844001740540,,41,89014102277216040119,13,0,0,0.0,,3.49,0,1,1,0,0,20150630005844,0,1,,,,20150630143545,0E2C$"
Response: #<Net::HTTPOK:0x00000001828b28>
#<Thread:0x000000019b5568>: closing the connections
2 threads running
waiting for connections
#<Thread:0x000000017d6e40>: got a client connection
#<Thread:0x000000017d6e40>: client->server "+RESP:GTINF,02010D,867844001740540,,41,89014102277216040119,14,0,0,0.0,,3.49,0,1,1,0,0,20150630005844,0,1,,,,20150630144044,0E2D$"
Response: #<Net::HTTPOK:0x000000017d2c50>
#<Thread:0x000000017d6e40>: closing the connections
2 threads running
waiting for connections
#<Thread:0x00000001772508>: got a client connection
#<Thread:0x00000001772508>: client->server "+RESP:GTINF,02010D,867844001740540,,41,89014102277216040119,13,0,0,0.0,,3.49,0,1,1,0,0,20150630005844,0,1,,,,20150630144543,0E2E$"
Response: #<Net::HTTPOK:0x00000001741e30>
#<Thread:0x00000001772508>: closing the connections
2 threads running
waiting for connections
#<Thread:0x0000000176be60>: got a client connection
#<Thread:0x0000000176be60>: client->server "+RESP:GTINF,02010D,867844001740540,,41,89014102277216040119,12,0,0,0.0,,3.49,0,1,1,0,0,20150630005844,0,1,,,,20150630145042,0E2F$"
Response: #<Net::HTTPOK:0x00000001726a18>
#<Thread:0x0000000176be60>: closing the connections
2 threads running
waiting for connections
#<Thread:0x00000001709990>: got a client connection
#<Thread:0x00000001709990>: client->server "+RESP:GTINF,02010D,867844001740540,,41,89014102277216040119,13,0,0,0.0,,3.49,0,1,1,0,0,20150630005844,0,1,,,,20150630145542,0E30$"
Response: #<Net::HTTPOK:0x00000001705818>
#<Thread:0x00000001709990>: closing the connections
2 threads running
waiting for connections
#<Thread:0x000000016fd5a0>: got a client connection
#<Thread:0x000000016fd5a0>: client->server "+RESP:GTINF,02010D,867844001740540,,41,89014102277216040119,13,0,0,0.0,,3.49,0,1,1,0,0,20150630005844,0,1,,,,20150630150041,0E31$"
Response: #<Net::HTTPOK:0x000000016f89d8>
#<Thread:0x000000016fd5a0>: closing the connections
2 threads running
waiting for connections
#<Thread:0x000000016ee528>: got a client connection
#<Thread:0x000000016ee528>: client->server "+RESP:GTINF,02010D,867844001740540,,41,89014102277216040119,12,0,0,0.0,,3.49,0,1,1,0,0,20150630005844,0,1,,,,20150630150540,0E32$"
Response: #<Net::HTTPOK:0x000000016da758>
#<Thread:0x000000016ee528>: closing the connections
2 threads running
waiting for connections
#<Thread:0x000000016cdfd0>: got a client connection
#<Thread:0x000000016cdfd0>: client->server "+RESP:GTINF,02010D,867844001740540,,41,89014102277216040119,13,0,0,0.0,,3.49,0,1,1,0,0,20150630005844,0,1,,,,20150630151039,0E33$"
Response: #<Net::HTTPOK:0x000000016c9b60>
#<Thread:0x000000016cdfd0>: closing the connections
2 threads running
waiting for connections
#<Thread:0x000000016c3760>: got a client connection
#<Thread:0x000000016c3760>: client->server "+RESP:GTINF,02010D,867844001740540,,41,89014102277216040119,12,0,0,0.0,,3.49,0,1,1,0,0,20150630005844,0,1,,,,20150630151538,0E34$"
Response: #<Net::HTTPOK:0x000000016bf4f8>
#<Thread:0x000000016c3760>: closing the connections
2 threads running
waiting for connections
#<Thread:0x000000016b9828>: got a client connection
#<Thread:0x000000016b9828>: client->server "+RESP:GTINF,02010D,867844001740540,,41,89014102277216040119,13,0,0,0.0,,3.48,0,1,1,0,0,20150630005844,0,1,,,,20150630152037,0E35$"
Response: #<Net::HTTPOK:0x000000016b6970>
#<Thread:0x000000016b9828>: closing the connections
2 threads running
waiting for connections
#<Thread:0x000000016ae658>: got a client connection
#<Thread:0x000000016ae658>: client->server "+RESP:GTINF,02010D,867844001740540,,41,89014102277216040119,13,0,0,0.0,,3.49,0,1,1,0,0,20150630005844,0,1,,,,20150630152536,0E36$"
Response: #<Net::HTTPOK:0x000000016abc78>
#<Thread:0x000000016ae658>: closing the connections
2 threads running
waiting for connections
#<Thread:0x000000016856e0>: got a client connection
#<Thread:0x000000016856e0>: client->server "+RESP:GTINF,02010D,867844001740540,,41,89014102277216040119,13,0,0,0.0,,3.49,0,1,1,0,0,20150630005844,0,1,,,,20150630153035,0E37$"
Response: #<Net::HTTPOK:0x00000001682300>
#<Thread:0x000000016856e0>: closing the connections
2 threads running
waiting for connections
#<Thread:0x000000016731c0>: got a client connection
#<Thread:0x000000016731c0>: client->server "+RESP:GTSTT,02010D,867844001740540,,42,0,0.0,0,147.1,-97.147307,32.742779,20150630005844,0310,0410,CB87,0C77,,20150630153404,0E38$"
Response: #<Net::HTTPOK:0x00000001670a10>
#<Thread:0x000000016731c0>: closing the connections
2 threads running
waiting for connections
#<Thread:0x0000000162c4a0>: got a client connection
#<Thread:0x0000000162c4a0>: client->server "+RESP:GTSTT,02010D,867844001740540,,41,0,0.0,0,147.1,-97.147307,32.742779,20150630005844,0310,0410,CB87,0C77,,20150630153404,0E39$"
Response: #<Net::HTTPOK:0x000000015a77c8>
#<Thread:0x0000000162c4a0>: closing the connections
2 threads running
waiting for connections
#<Thread:0x0000000158fdf8>: got a client connection
#<Thread:0x0000000158fdf8>: client->server "+RESP:GTINF,02010D,867844001740540,,41,89014102277216040119,17,0,0,0.0,,3.49,0,1,1,0,0,20150630005844,0,1,,,,20150630153534,0E3A$"
Response: #<Net::HTTPOK:0x0000000158ce50>
#<Thread:0x0000000158fdf8>: closing the connections
2 threads running
waiting for connections
#<Thread:0x000000015605f8>: got a client connection
#<Thread:0x000000015605f8>: client->server "+RESP:GTINF,02010D,867844001740540,,41,89014102277216040119,16,0,0,0.0,,3.49,0,1,1,0,0,20150630005844,0,1,,,,20150630154034,0E3B$"
Response: #<Net::HTTPOK:0x0000000155c9d0>
#<Thread:0x000000015605f8>: closing the connections
2 threads running
waiting for connections
#<Thread:0x000000015562b0>: got a client connection
#<Thread:0x000000015562b0>: client->server "+RESP:GTINF,02010D,867844001740540,,41,89014102277216040119,15,0,0,0.0,,3.49,0,1,1,0,0,20150630005844,0,1,,,,20150630154532,0E3C$"
Response: #<Net::HTTPOK:0x00000001322930>
#<Thread:0x000000015562b0>: closing the connections
2 threads running
waiting for connections
#<Thread:0x000000019d7ca8>: got a client connection
#<Thread:0x000000019d7ca8>: client->server "+RESP:GTINF,02010D,867844001740540,,41,89014102277216040119,11,0,0,0.0,,3.49,0,1,1,0,0,20150630005844,0,1,,,,20150630155032,0E3D$"
Response: #<Net::HTTPOK:0x000000012ea490>
#<Thread:0x000000019d7ca8>: closing the connections
2 threads running
waiting for connections
#<Thread:0x000000012f2708>: got a client connection
#<Thread:0x000000012f2708>: client->server "+RESP:GTINF,02010D,867844001740540,,41,89014102277216040119,15,0,0,0.0,,3.49,0,1,1,0,0,20150630005844,0,1,,,,20150630155531,0E3E$"
Response: #<Net::HTTPOK:0x000000012fcd48>
#<Thread:0x000000012f2708>: closing the connections
2 threads running
waiting for connections
#<Thread:0x00000001304818>: got a client connection
#<Thread:0x00000001304818>: client->server "+RESP:GTINF,02010D,867844001740540,,41,89014102277216040119,16,0,0,0.0,,3.48,0,1,1,0,0,20150630005844,0,1,,,,20150630160030,0E3F$"
Response: #<Net::HTTPOK:0x00000001309818>
#<Thread:0x00000001304818>: closing the connections
2 threads running
waiting for connections
#<Thread:0x0000000130b5a0>: got a client connection
#<Thread:0x0000000130b5a0>: client->server "+RESP:GTINF,02010D,867844001740540,,41,89014102277216040119,16,0,0,0.0,,3.49,0,1,1,0,0,20150630005844,0,1,,,,20150630160529,0E40$"
Response: #<Net::HTTPOK:0x0000000130fd58>
#<Thread:0x0000000130b5a0>: closing the connections
2 threads running
waiting for connections
#<Thread:0x00000001317dc8>: got a client connection
#<Thread:0x00000001317dc8>: client->server "+RESP:GTINF,02010D,867844001740540,,41,89014102277216040119,15,0,0,0.0,,3.47,0,1,1,0,0,20150630005844,0,1,,,,20150630161028,0E41$"
Response: #<Net::HTTPOK:0x00000001322bb0>
#<Thread:0x00000001317dc8>: closing the connections
2 threads running
waiting for connections
#<Thread:0x00000001328bf0>: got a client connection
#<Thread:0x00000001328bf0>: client->server "+RESP:GTINF,02010D,867844001740540,,41,89014102277216040119,15,0,0,0.0,,3.48,0,1,1,0,0,20150630005844,0,1,,,,20150630161527,0E42$"
Response: #<Net::HTTPOK:0x0000000132b120>
#<Thread:0x00000001328bf0>: closing the connections
2 threads running
waiting for connections
#<Thread:0x000000014d0e58>: got a client connection
#<Thread:0x000000014d0e58>: client->server "+RESP:GTINF,02010D,867844001740540,,41,89014102277216040119,15,0,0,0.0,,3.48,0,1,1,0,0,20150630005844,0,1,,,,20150630162026,0E43$"
Response: #<Net::HTTPOK:0x000000014d4238>
#<Thread:0x000000014d0e58>: closing the connections
2 threads running
waiting for connections
#<Thread:0x0000000144a0b0>: got a client connection
#<Thread:0x0000000144a0b0>: client->server "+RESP:GTINF,02010D,867844001740540,,41,89014102277216040119,16,0,0,0.0,,3.48,0,1,1,0,0,20150630005844,0,1,,,,20150630162525,0E44$"
Response: #<Net::HTTPOK:0x0000000142f5d0>
#<Thread:0x0000000144a0b0>: closing the connections
2 threads running
waiting for connections
#<Thread:0x00000001517a88>: got a client connection
#<Thread:0x00000001517a88>: client->server "+RESP:GTINF,02010D,867844001740540,,41,89014102277216040119,15,0,0,0.0,,3.48,0,1,1,0,0,20150630005844,0,1,,,,20150630163024,0E45$"
Response: #<Net::HTTPOK:0x0000000153b370>
#<Thread:0x00000001517a88>: closing the connections
2 threads running
waiting for connections
#<Thread:0x00000001553330>: got a client connection
#<Thread:0x00000001553330>: client->server "+RESP:GTINF,02010D,867844001740540,,41,89014102277216040119,15,0,0,0.0,,3.48,0,1,1,0,0,20150630005844,0,1,,,,20150630163524,0E46$"
Response: #<Net::HTTPOK:0x0000000155a770>
#<Thread:0x00000001553330>: closing the connections
2 threads running
waiting for connections
#<Thread:0x0000000155ed98>: got a client connection
#<Thread:0x0000000155ed98>: client->server "+RESP:GTINF,02010D,867844001740540,,41,89014102277216040119,13,0,0,0.0,,3.48,0,1,1,0,0,20150630005844,0,1,,,,20150630164023,0E47$"
Response: #<Net::HTTPOK:0x00000001563a00>
#<Thread:0x0000000155ed98>: closing the connections
2 threads running
waiting for connections
#<Thread:0x0000000159b590>: got a client connection
#<Thread:0x0000000159b590>: client->server "+RESP:GTINF,02010D,867844001740540,,41,89014102277216040119,16,0,0,0.0,,3.48,0,1,1,0,0,20150630005844,0,1,,,,20150630164522,0E48$"
Response: #<Net::HTTPOK:0x000000015986b0>
#<Thread:0x0000000159b590>: closing the connections
2 threads running
waiting for connections
#<Thread:0x0000000162ef20>: got a client connection
#<Thread:0x0000000162ef20>: client->server "+RESP:GTINF,02010D,867844001740540,,41,89014102277216040119,14,0,0,0.0,,3.48,0,1,1,0,0,20150630005844,0,1,,,,20150630165021,0E49$"
Response: #<Net::HTTPOK:0x0000000162c6f8>
#<Thread:0x0000000162ef20>: closing the connections
2 threads running
waiting for connections
#<Thread:0x0000000166fb38>: got a client connection
#<Thread:0x0000000166fb38>: client->server "+RESP:GTINF,02010D,867844001740540,,41,89014102277216040119,15,0,0,0.0,,3.48,0,1,1,0,0,20150630005844,0,1,,,,20150630165520,0E4A$"
Response: #<Net::HTTPOK:0x00000001676960>
#<Thread:0x0000000166fb38>: closing the connections
2 threads running
waiting for connections
#<Thread:0x000000016a8ca8>: got a client connection
#<Thread:0x000000016a8ca8>: client->server "+RESP:GTINF,02010D,867844001740540,,41,89014102277216040119,14,0,0,0.0,,3.48,0,1,1,0,0,20150630005844,0,1,,,,20150630170019,0E4B$"
Response: #<Net::HTTPOK:0x000000016a6340>
#<Thread:0x000000016a8ca8>: closing the connections
2 threads running
waiting for connections
#<Thread:0x000000016ab9f8>: got a client connection
#<Thread:0x000000016ab9f8>: client->server "+RESP:GTINF,02010D,867844001740540,,41,89014102277216040119,15,0,0,0.0,,3.48,0,1,1,0,0,20150630005844,0,1,,,,20150630170518,0E4C$"
Response: #<Net::HTTPOK:0x000000016b2b90>
#<Thread:0x000000016ab9f8>: closing the connections
2 threads running
waiting for connections
#<Thread:0x000000016bf4f8>: got a client connection
#<Thread:0x000000016bf4f8>: client->server "+RESP:GTINF,02010D,867844001740540,,41,89014102277216040119,14,0,0,0.0,,3.48,0,1,1,0,0,20150630005844,0,1,,,,20150630171017,0E4D$"
Response: #<Net::HTTPOK:0x000000016bccd0>
#<Thread:0x000000016bf4f8>: closing the connections
2 threads running
waiting for connections
#<Thread:0x000000016c2248>: got a client connection
#<Thread:0x000000016c2248>: client->server "+RESP:GTINF,02010D,867844001740540,,41,89014102277216040119,15,0,0,0.0,,3.48,0,1,1,0,0,20150630005844,0,1,,,,20150630171516,0E4E$"
Response: #<Net::HTTPOK:0x000000016c8f08>
#<Thread:0x000000016c2248>: closing the connections
2 threads running
waiting for connections
#<Thread:0x000000016cdbc0>: got a client connection
#<Thread:0x000000016cdbc0>: client->server "+RESP:GTINF,02010D,867844001740540,,41,89014102277216040119,14,0,0,0.0,,3.48,0,1,1,0,0,20150630005844,0,1,,,,20150630172015,0E4F$"
Response: #<Net::HTTPOK:0x000000016d3c50>
#<Thread:0x000000016cdbc0>: closing the connections
2 threads running
waiting for connections
#<Thread:0x000000016ed0d8>: got a client connection
#<Thread:0x000000016ed0d8>: client->server "+RESP:GTINF,02010D,867844001740540,,41,89014102277216040119,15,0,0,0.0,,3.48,0,1,1,0,0,20150630005844,0,1,,,,20150630172514,0E50$"
Response: #<Net::HTTPOK:0x000000016f2dd0>
#<Thread:0x000000016ed0d8>: closing the connections
2 threads running
waiting for connections
#<Thread:0x000000016ffc38>: got a client connection
#<Thread:0x000000016ffc38>: client->server "+RESP:GTINF,02010D,867844001740540,,41,89014102277216040119,15,0,0,0.0,,3.48,0,1,1,0,0,20150630005844,0,1,,,,20150630173014,0E51$"
Response: #<Net::HTTPOK:0x00000001704670>
#<Thread:0x000000016ffc38>: closing the connections
2 threads running
waiting for connections
#<Thread:0x00000001707f78>: got a client connection
#<Thread:0x00000001707f78>: client->server "+RESP:GTINF,02010D,867844001740540,,41,89014102277216040119,16,0,0,0.0,,3.48,0,1,1,0,0,20150630005844,0,1,,,,20150630173513,0E52$"
Response: #<Net::HTTPOK:0x0000000170f2c8>
#<Thread:0x00000001707f78>: closing the connections
2 threads running
waiting for connections
#<Thread:0x0000000176b2a8>: got a client connection
#<Thread:0x0000000176b2a8>: client->server "+RESP:GTINF,02010D,867844001740540,,41,89014102277216040119,16,0,0,0.0,,3.48,0,1,1,0,0,20150630005844,0,1,,,,20150630174012,0E53$"
Response: #<Net::HTTPOK:0x00000001742880>
#<Thread:0x0000000176b2a8>: closing the connections
2 threads running
waiting for connections
#<Thread:0x000000017706b8>: got a client connection
#<Thread:0x000000017706b8>: client->server "+RESP:GTINF,02010D,867844001740540,,41,89014102277216040119,13,0,0,0.0,,3.48,0,1,1,0,0,20150630005844,0,1,,,,20150630174511,0E54$"
Response: #<Net::HTTPOK:0x000000017ca4b0>
#<Thread:0x000000017706b8>: closing the connections
2 threads running
waiting for connections
#<Thread:0x000000017d70e8>: got a client connection
#<Thread:0x000000017d70e8>: client->server "+RESP:GTINF,02010D,867844001740540,,41,89014102277216040119,15,0,0,0.0,,3.48,0,1,1,0,0,20150630005844,0,1,,,,20150630175010,0E55$"
Response: #<Net::HTTPOK:0x000000018178f0>
#<Thread:0x000000017d70e8>: closing the connections
2 threads running
waiting for connections
#<Thread:0x000000019b8420>: got a client connection
#<Thread:0x000000019b8420>: client->server "+RESP:GTINF,02010D,867844001740540,,41,89014102277216040119,14,0,0,0.0,,3.48,0,1,1,0,0,20150630005844,0,1,,,,20150630175509,0E56$"
Response: #<Net::HTTPOK:0x000000019b6288>
#<Thread:0x000000019b8420>: closing the connections
2 threads running
waiting for connections
#<Thread:0x000000019bd100>: got a client connection
#<Thread:0x000000019bd100>: client->server "+RESP:GTINF,02010D,867844001740540,,41,89014102277216040119,14,0,0,0.0,,3.48,0,1,1,0,0,20150630005844,0,1,,,,20150630180008,0E57$"
Response: #<Net::HTTPOK:0x000000019c5508>
#<Thread:0x000000019bd100>: closing the connections
2 threads running
waiting for connections
#<Thread:0x000000019cc6f0>: got a client connection
#<Thread:0x000000019cc6f0>: client->server "+RESP:GTINF,02010D,867844001740540,,41,89014102277216040119,14,0,0,0.0,,3.47,0,1,1,0,0,20150630005844,0,1,,,,20150630180507,0E58$"
Response: #<Net::HTTPOK:0x000000019ca620>
#<Thread:0x000000019cc6f0>: closing the connections
2 threads running
waiting for connections
#<Thread:0x000000019d01b0>: got a client connection
#<Thread:0x000000019d01b0>: client->server "+RESP:GTINF,02010D,867844001740540,,41,89014102277216040119,15,0,0,0.0,,3.46,0,1,1,0,0,20150630005844,0,1,,,,20150630181006,0E59$"
Response: #<Net::HTTPOK:0x000000019d7ff0>
#<Thread:0x000000019d01b0>: closing the connections
2 threads running
waiting for connections
#<Thread:0x000000019de968>: got a client connection
#<Thread:0x000000019de968>: client->server "+RESP:GTPFA,02010D,867844001740540,,20150630181013,0E5A$"
Response: #<Net::HTTPOK:0x000000019dc898>
#<Thread:0x000000019de968>: closing the connections
2 threads running
waiting for connections
#<Thread:0x000000019e28b0>: got a client connection
#<Thread:0x000000019e28b0>: client->server "+RESP:GTPNA,02010D,867844001740540,,20150701043022,0E5B$"
Response: #<Net::HTTPOK:0x000000019ea998>
#<Thread:0x000000019e28b0>: closing the connections
2 threads running
waiting for connections
#<Thread:0x000000019e6d70>: got a client connection
#<Thread:0x000000019e6d70>: client->server "+RESP:GTINF,02010D,867844001740540,,42,89014102277216040119,17,0,0,0.0,,3.45,0,1,1,0,0,20150630005844,0,1,,,,20150701043022,0E5C$"
Response: #<Net::HTTPOK:0x000000019ee9a8>
#<Thread:0x000000019e6d70>: closing the connections
2 threads running
waiting for connections
#<Thread:0x000000019f53c0>: got a client connection
#<Thread:0x000000019f53c0>: client->server "+RESP:GTSTT,02010D,867844001740540,,42,0,0.0,0,147.1,-97.147307,32.742779,20150630005844,0310,0410,CB87,0C77,,20150701043022,0E5D$"
Response: #<Net::HTTPOK:0x000000019f3188>
#<Thread:0x000000019f53c0>: closing the connections
2 threads running
waiting for connections
#<Thread:0x000000019fa3e8>: got a client connection
#<Thread:0x000000019fa3e8>: client->server "+RESP:GTPFA,02010D,867844001740540,,20150701043037,0E5E$"
Response: #<Net::HTTPOK:0x00000001a01aa8>
#<Thread:0x000000019fa3e8>: closing the connections
2 threads running
waiting for connections
#<Thread:0x00000001a086a0>: got a client connection
#<Thread:0x00000001a086a0>: client->server "+RESP:GTPNA,02010D,867844001740540,,20150701044613,0E5F$"
Response: #<Net::HTTPOK:0x00000001a06558>
#<Thread:0x00000001a086a0>: closing the connections
2 threads running
waiting for connections
#<Thread:0x00000001a0c700>: got a client connection
#<Thread:0x00000001a0c700>: client->server "+RESP:GTINF,02010D,867844001740540,,42,89014102277216040119,18,0,0,0.0,,3.46,0,1,1,0,0,20150630005844,0,1,,,,20150701044613,0E60$"
Response: #<Net::HTTPOK:0x00000001a144f0>
#<Thread:0x00000001a0c700>: closing the connections
2 threads running
waiting for connections
#<Thread:0x00000001a1a490>: got a client connection
#<Thread:0x00000001a1a490>: client->server "+ACK:GTRTO,02010D,867844001740540,,RTL,000C,20150701044615,0E61$"
Response: #<Net::HTTPOK:0x00000001a183c0>
#<Thread:0x00000001a1a490>: closing the connections
2 threads running
waiting for connections
#<Thread:0x00000001a1e6a8>: got a client connection
#<Thread:0x00000001a1e6a8>: client->server "+RESP:GTPFA,02010D,867844001740540,,20150701044627,0E62$"
Response: #<Net::HTTPOK:0x00000001a26b00>
#<Thread:0x00000001a1e6a8>: closing the connections
2 threads running
waiting for connections
#<Thread:0x00000001a2ce88>: got a client connection
#<Thread:0x00000001a2ce88>: client->server "\x04"
Response: #<Net::HTTPOK:0x00000001a2adb8>
#<Thread:0x00000001a2ce88>: client->server "\x04\x04\x04\x04\x04\x04\x04\x04\x04\x04\x04\x04\x04\x04\x04\x04\x04\x04\x04\x04\x04\x04\x04\x04\x04\x04\x04\x04\x04\x04\x04\x04\x04\x04\x04\x04\x04\x04\x04\x04\x04\x04\x04\x04\x04\x04\x04\x04\x04\x04\x04\x04\x04\x04\x04\x04\x04\x04\x04\x04\x04\x04\x04\x04\x04\x04\x04\x04\x04\x04\x04\x04\x04\x04\x04\x04\x04\x04\x04\x04\x04\x04\x04\x04\x04\x04\x04\x04\x04\x04\x04\x04\x04\x04\x04\x04\x04\x04\x04\x04\x04\x04\x04\x04\x04\x04\x04\x04\x04\x04\x04\x04\x04\x04\x04\x04\x04\x04\x04\x04\x04\x04\x04\x04\x04\x04\x04\x04\x04\x04\x04\x04\x04\x04\x04\x04\x04\x04\x04\x04\x04\x04\x04\x04\x04\x04\x04\x04\x04\x04\x04\x04\x04\x04\x04\x04\x04\x04\x04\x04\x04\x04\x04\x04\x04\x04\x04\x04\x04\x04\x04\x04\x04\x04\x04\x04\x04\x04\x04\x04\x04\x04\x04\x04\x04\x04\x04\x04\x04\x04\x04\x04\x04\x04\x04\x04\x04\x04\x04\x04\x04\x04\x04\x04\x04\x04\x04\x04\x04\x04\x04\x04\x04\x04\x04\x04\x04\x04\x04\x04\x04\x04\x04\x04\x04\x04\x04\x04\x04\x04\x04\x04\x04\x04\x04\x04\x04\x04\x04\x04\x04\x04\x04\x04\x04\x04\x04\x04\x04\x04\x04\x04\x04\x04\x04\x04\x04\x04\x04\x04\x04\x04\x04\x04\x04\x04\x04\x04\x04\x04\x04\x04\x04\x04\x04\x04\x04\x04\x04\x04\x04\x04\x04\x04\x04\x04\x04\x04\x04\x04\x04\x04\x04\x04\x04\x04\x04\x04\x04\x04\x04\x04\x04\x04"
Response: #<Net::HTTPOK:0x00000001a397c8>
#<Thread:0x00000001a2ce88>: closing the connections
2 threads running
waiting for connections
#<Thread:0x00000001a35ba0>: got a client connection
#<Thread:0x00000001a35ba0>: client->server "+BUFF:GTPNA,02010D,867844001740540,,20150701045328,0E63$"
Response: #<Net::HTTPOK:0x00000001a3db70>
#<Thread:0x00000001a35ba0>: closing the connections
2 threads running
waiting for connections
#<Thread:0x00000001a440d8>: got a client connection
#<Thread:0x00000001a440d8>: client->server "+RESP:GTINF,02010D,867844001740540,,42,89014102277216040119,19,0,0,0.0,,3.45,0,1,1,0,0,20150630005844,0,1,,,,20150701052328,0E6A$"
Response: #<Net::HTTPOK:0x00000001a41ea0>
#<Thread:0x00000001a440d8>: closing the connections
2 threads running
waiting for connections
#<Thread:0x00000001a48250>: got a client connection
#<Thread:0x00000001a48250>: client->server "+BUFF:GTINF,02010D,867844001740540,,42,89014102277216040119,15,0,0,0.0,,3.45,0,1,1,0,0,20150630005844,0,1,,,,20150701045328,0E64$"
Response: #<Net::HTTPOK:0x00000001a4ff00>
#<Thread:0x00000001a48250>: closing the connections
2 threads running
waiting for connections
#<Thread:0x00000001a56120>: got a client connection
#<Thread:0x00000001a56120>: client->server "+RESP:GTINF,02010D,867844001740540,,42,89014102277216040119,19,0,0,0.0,,3.45,0,1,1,0,0,20150630005844,0,1,,,,20150701233025,0E6D$"
Response: #<Net::HTTPOK:0x00000001a53ee8>
#<Thread:0x00000001a56120>: closing the connections
2 threads running
waiting for connections
#<Thread:0x00000001a5a018>: got a client connection
#<Thread:0x00000001a5a018>: client->server "+BUFF:GTINF,02010D,867844001740540,,42,89014102277216040119,18,0,0,0.0,,3.45,0,1,1,0,0,20150630005844,0,1,,,,20150701045340,0E68$"
Response: #<Net::HTTPOK:0x00000001a61e30>
#<Thread:0x00000001a5a018>: closing the connections
2 threads running
waiting for connections
#<Thread:0x00000001a679c0>: got a client connection
#<Thread:0x00000001a679c0>: client->server "\x04"
Response: #<Net::HTTPOK:0x00000001a658f0>
#<Thread:0x00000001a679c0>: client->server "\x04\x04\x04\x04\x04\x04\x04\x04\x04\x04\x04\x04\x04\x04\x04\x04\x04\x04\x04\x04\x04\x04\x04\x04\x04\x04\x04\x04\x04\x04\x04\x04\x04\x04\x04\x04\x04\x04\x04\x04\x04\x04\x04\x04\x04\x04\x04\x04\x04\x04\x04\x04\x04\x04\x04\x04\x04\x04\x04\x04\x04\x04\x04\x04\x04\x04\x04\x04\x04\x04\x04\x04\x04\x04\x04\x04\x04\x04\x04\x04\x04\x04\x04\x04\x04\x04\x04\x04\x04\x04\x04\x04\x04\x04\x04\x04\x04\x04\x04\x04\x04\x04\x04\x04\x04\x04\x04\x04\x04\x04\x04\x04\x04\x04\x04\x04\x04\x04\x04\x04\x04\x04\x04\x04\x04\x04\x04\x04\x04\x04\x04\x04\x04\x04\x04\x04\x04\x04\x04\x04\x04\x04\x04\x04\x04\x04\x04\x04\x04\x04\x04\x04\x04\x04\x04\x04\x04\x04\x04\x04\x04\x04\x04\x04\x04\x04\x04\x04\x04\x04\x04\x04\x04\x04\x04\x04\x04\x04\x04\x04\x04\x04\x04\x04\x04\x04\x04\x04\x04\x04\x04\x04\x04\x04"
Response: #<Net::HTTPOK:0x00000001a73ce8>
#<Thread:0x00000001a679c0>: closing the connections
